-------------------------------------------------------------------------------
Test set: crux.CompilerStageTests
-------------------------------------------------------------------------------
Tests run: 50, Failures: 12, Errors: 36, Skipped: 0, Time elapsed: 192.816 s <<< FAILURE! - in crux.CompilerStageTests
crux.CompilerStageTests.codegen  Time elapsed: 0.243 s  <<< FAILURE!
org.opentest4j.AssertionFailedError: CodeGen for program crux/stages/codegen/test02.crx differs from expected output. ==> expected: <42> but was: <1>
	at crux.CompilerStageTests.lambda$codegen$9(CompilerStageTests.java:297)

crux.CompilerStageTests.codegen  Time elapsed: 0.226 s  <<< FAILURE!
org.opentest4j.AssertionFailedError: CodeGen for program crux/stages/codegen/test03.crx differs from expected output. ==> expected: <truefalse> but was: <truetrue>
	at crux.CompilerStageTests.lambda$codegen$9(CompilerStageTests.java:297)

crux.CompilerStageTests.codegen  Time elapsed: 0.224 s  <<< FAILURE!
org.opentest4j.AssertionFailedError: CodeGen for program crux/stages/codegen/test04.crx differs from expected output. ==> expected: <2> but was: <1>
	at crux.CompilerStageTests.lambda$codegen$9(CompilerStageTests.java:297)

crux.CompilerStageTests.codegen  Time elapsed: 0.166 s  <<< ERROR!
java.util.concurrent.ExecutionException: java.lang.Error: Assembling and linking failed
	at crux.CompilerStageTests.lambda$codegen$9(CompilerStageTests.java:290)
Caused by: java.lang.Error: Assembling and linking failed

crux.CompilerStageTests.codegen  Time elapsed: 0.003 s  <<< ERROR!
java.util.concurrent.ExecutionException: java.lang.ClassCastException: class crux.ir.LocalVar cannot be cast to class crux.ir.IntegerConstant (crux.ir.LocalVar and crux.ir.IntegerConstant are in unnamed module of loader 'app')
	at crux.CompilerStageTests.lambda$codegen$9(CompilerStageTests.java:290)
Caused by: java.lang.ClassCastException: class crux.ir.LocalVar cannot be cast to class crux.ir.IntegerConstant (crux.ir.LocalVar and crux.ir.IntegerConstant are in unnamed module of loader 'app')

crux.CompilerStageTests.codegen  Time elapsed: 0.22 s  <<< FAILURE!
org.opentest4j.AssertionFailedError: CodeGen for program crux/stages/codegen/test08.crx differs from expected output. ==> expected: <5> but was: <1>
	at crux.CompilerStageTests.lambda$codegen$9(CompilerStageTests.java:297)

crux.CompilerStageTests.codegen  Time elapsed: 0.224 s  <<< FAILURE!
org.opentest4j.AssertionFailedError: CodeGen for program crux/stages/codegen/test09.crx differs from expected output. ==> expected: <41> but was: <1>
	at crux.CompilerStageTests.lambda$codegen$9(CompilerStageTests.java:297)

crux.CompilerStageTests.codegen  Time elapsed: 0.159 s  <<< ERROR!
java.util.concurrent.ExecutionException: java.lang.Error: Assembling and linking failed
	at crux.CompilerStageTests.lambda$codegen$9(CompilerStageTests.java:290)
Caused by: java.lang.Error: Assembling and linking failed

crux.CompilerStageTests.codegen  Time elapsed: 0.22 s  <<< FAILURE!
org.opentest4j.AssertionFailedError: 
CodeGen for program crux/stages/codegen/test11.crx differs from expected output. ==> expected: <7true
int?> but was: <1true
int?>
	at crux.CompilerStageTests.lambda$codegen$9(CompilerStageTests.java:297)

crux.CompilerStageTests.codegen  Time elapsed: 0.224 s  <<< FAILURE!
org.opentest4j.AssertionFailedError: CodeGen for program crux/stages/codegen/test12.crx differs from expected output. ==> expected: <1-1> but was: <1>
	at crux.CompilerStageTests.lambda$codegen$9(CompilerStageTests.java:297)

crux.CompilerStageTests.codegen  Time elapsed: 0.222 s  <<< FAILURE!
org.opentest4j.AssertionFailedError: CodeGen for program crux/stages/codegen/test13.crx differs from expected output. ==> expected: <int?7> but was: <int?1996247007232>
	at crux.CompilerStageTests.lambda$codegen$9(CompilerStageTests.java:297)

crux.CompilerStageTests.codegen  Time elapsed: 0.003 s  <<< ERROR!
java.util.concurrent.ExecutionException: java.lang.NullPointerException: Cannot invoke "java.lang.Integer.intValue()" because "srcOffset" is null
	at crux.CompilerStageTests.lambda$codegen$9(CompilerStageTests.java:290)
Caused by: java.lang.NullPointerException: Cannot invoke "java.lang.Integer.intValue()" because "srcOffset" is null

crux.CompilerStageTests.codegen  Time elapsed: 0.225 s  <<< FAILURE!
org.opentest4j.AssertionFailedError: CodeGen for program crux/stages/codegen/test15.crx differs from expected output. ==> expected: <-1> but was: <1>
	at crux.CompilerStageTests.lambda$codegen$9(CompilerStageTests.java:297)

crux.CompilerStageTests.codegen  Time elapsed: 0.002 s  <<< ERROR!
java.util.concurrent.ExecutionException: java.lang.ClassCastException: class crux.ir.LocalVar cannot be cast to class crux.ir.IntegerConstant (crux.ir.LocalVar and crux.ir.IntegerConstant are in unnamed module of loader 'app')
	at crux.CompilerStageTests.lambda$codegen$9(CompilerStageTests.java:290)
Caused by: java.lang.ClassCastException: class crux.ir.LocalVar cannot be cast to class crux.ir.IntegerConstant (crux.ir.LocalVar and crux.ir.IntegerConstant are in unnamed module of loader 'app')

crux.CompilerStageTests.codegen  Time elapsed: 20.011 s  <<< FAILURE!
org.opentest4j.AssertionFailedError: Timeout for CodeGen for program crux/stages/codegen/test17.crx.
	at crux.CompilerStageTests.lambda$codegen$9(CompilerStageTests.java:295)

crux.CompilerStageTests.codegen  Time elapsed: 0.05 s  <<< ERROR!
java.util.concurrent.ExecutionException: java.lang.ClassCastException: class crux.ir.LocalVar cannot be cast to class crux.ir.IntegerConstant (crux.ir.LocalVar and crux.ir.IntegerConstant are in unnamed module of loader 'app')
	at crux.CompilerStageTests.lambda$codegen$9(CompilerStageTests.java:290)
Caused by: java.lang.ClassCastException: class crux.ir.LocalVar cannot be cast to class crux.ir.IntegerConstant (crux.ir.LocalVar and crux.ir.IntegerConstant are in unnamed module of loader 'app')

crux.CompilerStageTests.codegen  Time elapsed: 2.966 s  <<< ERROR!
java.util.concurrent.ExecutionException: java.lang.Error: Assembling and linking failed
	at crux.CompilerStageTests.lambda$codegen$9(CompilerStageTests.java:290)
Caused by: java.lang.Error: Assembling and linking failed

crux.CompilerStageTests.codegen  Time elapsed: 0.042 s  <<< ERROR!
java.util.concurrent.ExecutionException: java.lang.ClassCastException: class crux.ir.LocalVar cannot be cast to class crux.ir.IntegerConstant (crux.ir.LocalVar and crux.ir.IntegerConstant are in unnamed module of loader 'app')
	at crux.CompilerStageTests.lambda$codegen$9(CompilerStageTests.java:290)
Caused by: java.lang.ClassCastException: class crux.ir.LocalVar cannot be cast to class crux.ir.IntegerConstant (crux.ir.LocalVar and crux.ir.IntegerConstant are in unnamed module of loader 'app')

crux.CompilerStageTests.codegen  Time elapsed: 3.464 s  <<< ERROR!
java.util.concurrent.ExecutionException: java.lang.Error: Assembling and linking failed
	at crux.CompilerStageTests.lambda$codegen$9(CompilerStageTests.java:290)
Caused by: java.lang.Error: Assembling and linking failed

crux.CompilerStageTests.codegen  Time elapsed: 3.83 s  <<< ERROR!
java.util.concurrent.ExecutionException: java.lang.Error: Assembling and linking failed
	at crux.CompilerStageTests.lambda$codegen$9(CompilerStageTests.java:290)
Caused by: java.lang.Error: Assembling and linking failed

crux.CompilerStageTests.codegen  Time elapsed: 4.334 s  <<< ERROR!
java.util.concurrent.ExecutionException: java.lang.Error: Assembling and linking failed
	at crux.CompilerStageTests.lambda$codegen$9(CompilerStageTests.java:290)
Caused by: java.lang.Error: Assembling and linking failed

crux.CompilerStageTests.codegen  Time elapsed: 4.84 s  <<< ERROR!
java.util.concurrent.ExecutionException: java.lang.Error: Assembling and linking failed
	at crux.CompilerStageTests.lambda$codegen$9(CompilerStageTests.java:290)
Caused by: java.lang.Error: Assembling and linking failed

crux.CompilerStageTests.codegen  Time elapsed: 5.433 s  <<< ERROR!
java.util.concurrent.ExecutionException: java.lang.Error: Assembling and linking failed
	at crux.CompilerStageTests.lambda$codegen$9(CompilerStageTests.java:290)
Caused by: java.lang.Error: Assembling and linking failed

crux.CompilerStageTests.codegen  Time elapsed: 20.003 s  <<< FAILURE!
org.opentest4j.AssertionFailedError: Timeout for CodeGen for program crux/stages/codegen/test26.crx.
	at crux.CompilerStageTests.lambda$codegen$9(CompilerStageTests.java:295)

crux.CompilerStageTests.codegen  Time elapsed: 0.051 s  <<< ERROR!
java.util.concurrent.ExecutionException: java.lang.NullPointerException: Cannot invoke "java.lang.Integer.intValue()" because the return value of "java.util.HashMap.get(Object)" is null
	at crux.CompilerStageTests.lambda$codegen$9(CompilerStageTests.java:290)
Caused by: java.lang.NullPointerException: Cannot invoke "java.lang.Integer.intValue()" because the return value of "java.util.HashMap.get(Object)" is null

crux.CompilerStageTests.codegen  Time elapsed: 7.082 s  <<< ERROR!
java.util.concurrent.ExecutionException: java.lang.Error: Assembling and linking failed
	at crux.CompilerStageTests.lambda$codegen$9(CompilerStageTests.java:290)
Caused by: java.lang.Error: Assembling and linking failed

crux.CompilerStageTests.codegen  Time elapsed: 7.889 s  <<< ERROR!
java.util.concurrent.ExecutionException: java.lang.Error: Assembling and linking failed
	at crux.CompilerStageTests.lambda$codegen$9(CompilerStageTests.java:290)
Caused by: java.lang.Error: Assembling and linking failed

crux.CompilerStageTests.codegen  Time elapsed: 20.017 s  <<< FAILURE!
org.opentest4j.AssertionFailedError: Timeout for CodeGen for program crux/stages/codegen/test30.crx.
	at crux.CompilerStageTests.lambda$codegen$9(CompilerStageTests.java:295)

crux.CompilerStageTests.codegen  Time elapsed: 0.098 s  <<< ERROR!
java.util.concurrent.ExecutionException: java.lang.ClassCastException: class crux.ir.LocalVar cannot be cast to class crux.ir.IntegerConstant (crux.ir.LocalVar and crux.ir.IntegerConstant are in unnamed module of loader 'app')
	at crux.CompilerStageTests.lambda$codegen$9(CompilerStageTests.java:290)
Caused by: java.lang.ClassCastException: class crux.ir.LocalVar cannot be cast to class crux.ir.IntegerConstant (crux.ir.LocalVar and crux.ir.IntegerConstant are in unnamed module of loader 'app')

crux.CompilerStageTests.codegen  Time elapsed: 0.046 s  <<< ERROR!
java.util.concurrent.ExecutionException: java.lang.ClassCastException: class crux.ir.LocalVar cannot be cast to class crux.ir.BooleanConstant (crux.ir.LocalVar and crux.ir.BooleanConstant are in unnamed module of loader 'app')
	at crux.CompilerStageTests.lambda$codegen$9(CompilerStageTests.java:290)
Caused by: java.lang.ClassCastException: class crux.ir.LocalVar cannot be cast to class crux.ir.BooleanConstant (crux.ir.LocalVar and crux.ir.BooleanConstant are in unnamed module of loader 'app')

crux.CompilerStageTests.codegen  Time elapsed: 9.9 s  <<< ERROR!
java.util.concurrent.ExecutionException: java.lang.Error: Assembling and linking failed
	at crux.CompilerStageTests.lambda$codegen$9(CompilerStageTests.java:290)
Caused by: java.lang.Error: Assembling and linking failed

crux.CompilerStageTests.codegen  Time elapsed: 10.891 s  <<< ERROR!
java.util.concurrent.ExecutionException: java.lang.Error: Assembling and linking failed
	at crux.CompilerStageTests.lambda$codegen$9(CompilerStageTests.java:290)
Caused by: java.lang.Error: Assembling and linking failed

crux.CompilerStageTests.codegen  Time elapsed: 11.537 s  <<< ERROR!
java.util.concurrent.ExecutionException: java.lang.Error: Assembling and linking failed
	at crux.CompilerStageTests.lambda$codegen$9(CompilerStageTests.java:290)
Caused by: java.lang.Error: Assembling and linking failed

crux.CompilerStageTests.codegen  Time elapsed: 0.114 s  <<< ERROR!
java.util.concurrent.ExecutionException: java.lang.ClassCastException
	at crux.CompilerStageTests.lambda$codegen$9(CompilerStageTests.java:290)
Caused by: java.lang.ClassCastException

crux.CompilerStageTests.codegen  Time elapsed: 12.765 s  <<< ERROR!
java.util.concurrent.ExecutionException: java.lang.Error: Assembling and linking failed
	at crux.CompilerStageTests.lambda$codegen$9(CompilerStageTests.java:290)
Caused by: java.lang.Error: Assembling and linking failed

crux.CompilerStageTests.codegen  Time elapsed: 0.123 s  <<< ERROR!
java.util.concurrent.ExecutionException: java.lang.ClassCastException
	at crux.CompilerStageTests.lambda$codegen$9(CompilerStageTests.java:290)
Caused by: java.lang.ClassCastException

crux.CompilerStageTests.codegen  Time elapsed: 0.042 s  <<< ERROR!
java.util.concurrent.ExecutionException: java.lang.NullPointerException
	at crux.CompilerStageTests.lambda$codegen$9(CompilerStageTests.java:290)
Caused by: java.lang.NullPointerException

crux.CompilerStageTests.codegen  Time elapsed: 0.044 s  <<< ERROR!
java.util.concurrent.ExecutionException: java.lang.ClassCastException
	at crux.CompilerStageTests.lambda$codegen$9(CompilerStageTests.java:290)
Caused by: java.lang.ClassCastException

crux.CompilerStageTests.codegen  Time elapsed: 13.625 s  <<< ERROR!
java.util.concurrent.ExecutionException: java.lang.Error: Assembling and linking failed
	at crux.CompilerStageTests.lambda$codegen$9(CompilerStageTests.java:290)
Caused by: java.lang.Error: Assembling and linking failed

crux.CompilerStageTests.codegen  Time elapsed: 0.128 s  <<< ERROR!
java.util.concurrent.ExecutionException: java.lang.NullPointerException: Cannot invoke "java.lang.Integer.intValue()" because the return value of "java.util.HashMap.get(Object)" is null
	at crux.CompilerStageTests.lambda$codegen$9(CompilerStageTests.java:290)
Caused by: java.lang.NullPointerException: Cannot invoke "java.lang.Integer.intValue()" because the return value of "java.util.HashMap.get(Object)" is null

crux.CompilerStageTests.codegen  Time elapsed: 14.219 s  <<< ERROR!
java.util.concurrent.ExecutionException: java.lang.Error: Assembling and linking failed
	at crux.CompilerStageTests.lambda$codegen$9(CompilerStageTests.java:290)
Caused by: java.lang.Error: Assembling and linking failed

crux.CompilerStageTests.codegen  Time elapsed: 0.139 s  <<< ERROR!
java.util.concurrent.ExecutionException: java.lang.ClassCastException
	at crux.CompilerStageTests.lambda$codegen$9(CompilerStageTests.java:290)
Caused by: java.lang.ClassCastException

crux.CompilerStageTests.codegen  Time elapsed: 0.041 s  <<< ERROR!
java.util.concurrent.ExecutionException: java.lang.ArrayIndexOutOfBoundsException: Index 6 out of bounds for length 6
	at crux.CompilerStageTests.lambda$codegen$9(CompilerStageTests.java:290)
Caused by: java.lang.ArrayIndexOutOfBoundsException: Index 6 out of bounds for length 6

crux.CompilerStageTests.codegen  Time elapsed: 0.049 s  <<< ERROR!
java.util.concurrent.ExecutionException: java.lang.ClassCastException
	at crux.CompilerStageTests.lambda$codegen$9(CompilerStageTests.java:290)
Caused by: java.lang.ClassCastException

crux.CompilerStageTests.codegen  Time elapsed: 15.779 s  <<< ERROR!
java.util.concurrent.ExecutionException: java.lang.Error: Assembling and linking failed
	at crux.CompilerStageTests.lambda$codegen$9(CompilerStageTests.java:290)
Caused by: java.lang.Error: Assembling and linking failed

crux.CompilerStageTests.codegen  Time elapsed: 0.148 s  <<< ERROR!
java.util.concurrent.ExecutionException: java.lang.ClassCastException
	at crux.CompilerStageTests.lambda$codegen$9(CompilerStageTests.java:290)
Caused by: java.lang.ClassCastException

crux.CompilerStageTests.codegen  Time elapsed: 0.051 s  <<< ERROR!
java.util.concurrent.ExecutionException: java.lang.ClassCastException
	at crux.CompilerStageTests.lambda$codegen$9(CompilerStageTests.java:290)
Caused by: java.lang.ClassCastException

crux.CompilerStageTests.codegen  Time elapsed: 0.048 s  <<< ERROR!
java.util.concurrent.ExecutionException: java.lang.ClassCastException
	at crux.CompilerStageTests.lambda$codegen$9(CompilerStageTests.java:290)
Caused by: java.lang.ClassCastException

