-------------------------------------------------------------------------------
Test set: crux.CompilerStageTests
-------------------------------------------------------------------------------
Tests run: 50, Failures: 0, Errors: 50, Skipped: 0, Time elapsed: 3.391 s <<< FAILURE! - in crux.CompilerStageTests
crux.CompilerStageTests.emulateIR  Time elapsed: 1.792 s  <<< ERROR!
java.util.concurrent.ExecutionException: java.lang.NullPointerException: Cannot invoke "crux.ir.Function.getStart()" because "f" is null
	at crux.CompilerStageTests.lambda$emulateIR$7(CompilerStageTests.java:222)
Caused by: java.lang.NullPointerException: Cannot invoke "crux.ir.Function.getStart()" because "f" is null

crux.CompilerStageTests.emulateIR  Time elapsed: 0.062 s  <<< ERROR!
java.util.concurrent.ExecutionException: java.lang.NullPointerException: Cannot invoke "crux.ir.Function.getStart()" because "f" is null
	at crux.CompilerStageTests.lambda$emulateIR$7(CompilerStageTests.java:222)
Caused by: java.lang.NullPointerException: Cannot invoke "crux.ir.Function.getStart()" because "f" is null

crux.CompilerStageTests.emulateIR  Time elapsed: 0.042 s  <<< ERROR!
java.util.concurrent.ExecutionException: java.lang.NullPointerException: Cannot invoke "crux.ir.Function.getStart()" because "f" is null
	at crux.CompilerStageTests.lambda$emulateIR$7(CompilerStageTests.java:222)
Caused by: java.lang.NullPointerException: Cannot invoke "crux.ir.Function.getStart()" because "f" is null

crux.CompilerStageTests.emulateIR  Time elapsed: 0.073 s  <<< ERROR!
java.util.concurrent.ExecutionException: java.lang.NullPointerException: Cannot invoke "crux.ir.Function.getStart()" because "f" is null
	at crux.CompilerStageTests.lambda$emulateIR$7(CompilerStageTests.java:222)
Caused by: java.lang.NullPointerException: Cannot invoke "crux.ir.Function.getStart()" because "f" is null

crux.CompilerStageTests.emulateIR  Time elapsed: 0.052 s  <<< ERROR!
java.util.concurrent.ExecutionException: java.lang.NullPointerException: Cannot invoke "crux.ir.Function.getStart()" because "f" is null
	at crux.CompilerStageTests.lambda$emulateIR$7(CompilerStageTests.java:222)
Caused by: java.lang.NullPointerException: Cannot invoke "crux.ir.Function.getStart()" because "f" is null

crux.CompilerStageTests.emulateIR  Time elapsed: 0.069 s  <<< ERROR!
java.util.concurrent.ExecutionException: java.lang.NullPointerException: Cannot invoke "crux.ir.Function.getStart()" because "f" is null
	at crux.CompilerStageTests.lambda$emulateIR$7(CompilerStageTests.java:222)
Caused by: java.lang.NullPointerException: Cannot invoke "crux.ir.Function.getStart()" because "f" is null

crux.CompilerStageTests.emulateIR  Time elapsed: 0.016 s  <<< ERROR!
java.util.concurrent.ExecutionException: java.lang.NullPointerException: Cannot invoke "crux.ir.Function.getStart()" because "f" is null
	at crux.CompilerStageTests.lambda$emulateIR$7(CompilerStageTests.java:222)
Caused by: java.lang.NullPointerException: Cannot invoke "crux.ir.Function.getStart()" because "f" is null

crux.CompilerStageTests.emulateIR  Time elapsed: 0.02 s  <<< ERROR!
java.util.concurrent.ExecutionException: java.lang.NullPointerException: Cannot invoke "crux.ir.Function.getStart()" because "f" is null
	at crux.CompilerStageTests.lambda$emulateIR$7(CompilerStageTests.java:222)
Caused by: java.lang.NullPointerException: Cannot invoke "crux.ir.Function.getStart()" because "f" is null

crux.CompilerStageTests.emulateIR  Time elapsed: 0.023 s  <<< ERROR!
java.util.concurrent.ExecutionException: java.lang.NullPointerException: Cannot invoke "crux.ir.Function.getStart()" because "f" is null
	at crux.CompilerStageTests.lambda$emulateIR$7(CompilerStageTests.java:222)
Caused by: java.lang.NullPointerException: Cannot invoke "crux.ir.Function.getStart()" because "f" is null

crux.CompilerStageTests.emulateIR  Time elapsed: 0.039 s  <<< ERROR!
java.util.concurrent.ExecutionException: java.lang.NullPointerException: Cannot invoke "crux.ir.Function.getStart()" because "f" is null
	at crux.CompilerStageTests.lambda$emulateIR$7(CompilerStageTests.java:222)
Caused by: java.lang.NullPointerException: Cannot invoke "crux.ir.Function.getStart()" because "f" is null

crux.CompilerStageTests.emulateIR  Time elapsed: 0.022 s  <<< ERROR!
java.util.concurrent.ExecutionException: java.lang.NullPointerException: Cannot invoke "crux.ir.Function.getStart()" because "f" is null
	at crux.CompilerStageTests.lambda$emulateIR$7(CompilerStageTests.java:222)
Caused by: java.lang.NullPointerException: Cannot invoke "crux.ir.Function.getStart()" because "f" is null

crux.CompilerStageTests.emulateIR  Time elapsed: 0.075 s  <<< ERROR!
java.util.concurrent.ExecutionException: java.lang.NullPointerException: Cannot invoke "crux.ir.Function.getStart()" because "f" is null
	at crux.CompilerStageTests.lambda$emulateIR$7(CompilerStageTests.java:222)
Caused by: java.lang.NullPointerException: Cannot invoke "crux.ir.Function.getStart()" because "f" is null

crux.CompilerStageTests.emulateIR  Time elapsed: 0.047 s  <<< ERROR!
java.util.concurrent.ExecutionException: java.lang.NullPointerException: Cannot invoke "crux.ir.Function.getStart()" because "f" is null
	at crux.CompilerStageTests.lambda$emulateIR$7(CompilerStageTests.java:222)
Caused by: java.lang.NullPointerException: Cannot invoke "crux.ir.Function.getStart()" because "f" is null

crux.CompilerStageTests.emulateIR  Time elapsed: 0.018 s  <<< ERROR!
java.util.concurrent.ExecutionException: java.lang.NullPointerException: Cannot invoke "crux.ir.Function.getStart()" because "f" is null
	at crux.CompilerStageTests.lambda$emulateIR$7(CompilerStageTests.java:222)
Caused by: java.lang.NullPointerException: Cannot invoke "crux.ir.Function.getStart()" because "f" is null

crux.CompilerStageTests.emulateIR  Time elapsed: 0.016 s  <<< ERROR!
java.util.concurrent.ExecutionException: java.lang.NullPointerException: Cannot invoke "crux.ir.Function.getStart()" because "f" is null
	at crux.CompilerStageTests.lambda$emulateIR$7(CompilerStageTests.java:222)
Caused by: java.lang.NullPointerException: Cannot invoke "crux.ir.Function.getStart()" because "f" is null

crux.CompilerStageTests.emulateIR  Time elapsed: 0.019 s  <<< ERROR!
java.util.concurrent.ExecutionException: java.lang.NullPointerException: Cannot invoke "crux.ir.Function.getStart()" because "f" is null
	at crux.CompilerStageTests.lambda$emulateIR$7(CompilerStageTests.java:222)
Caused by: java.lang.NullPointerException: Cannot invoke "crux.ir.Function.getStart()" because "f" is null

crux.CompilerStageTests.emulateIR  Time elapsed: 0.056 s  <<< ERROR!
java.util.concurrent.ExecutionException: java.lang.NullPointerException: Cannot invoke "crux.ir.Function.getStart()" because "f" is null
	at crux.CompilerStageTests.lambda$emulateIR$7(CompilerStageTests.java:222)
Caused by: java.lang.NullPointerException: Cannot invoke "crux.ir.Function.getStart()" because "f" is null

crux.CompilerStageTests.emulateIR  Time elapsed: 0.018 s  <<< ERROR!
java.util.concurrent.ExecutionException: java.lang.NullPointerException: Cannot invoke "crux.ir.Function.getStart()" because "f" is null
	at crux.CompilerStageTests.lambda$emulateIR$7(CompilerStageTests.java:222)
Caused by: java.lang.NullPointerException: Cannot invoke "crux.ir.Function.getStart()" because "f" is null

crux.CompilerStageTests.emulateIR  Time elapsed: 0.019 s  <<< ERROR!
java.util.concurrent.ExecutionException: java.lang.NullPointerException: Cannot invoke "crux.ir.Function.getStart()" because "f" is null
	at crux.CompilerStageTests.lambda$emulateIR$7(CompilerStageTests.java:222)
Caused by: java.lang.NullPointerException: Cannot invoke "crux.ir.Function.getStart()" because "f" is null

crux.CompilerStageTests.emulateIR  Time elapsed: 0.015 s  <<< ERROR!
java.util.concurrent.ExecutionException: java.lang.NullPointerException: Cannot invoke "crux.ir.Function.getStart()" because "f" is null
	at crux.CompilerStageTests.lambda$emulateIR$7(CompilerStageTests.java:222)
Caused by: java.lang.NullPointerException: Cannot invoke "crux.ir.Function.getStart()" because "f" is null

crux.CompilerStageTests.emulateIR  Time elapsed: 0.017 s  <<< ERROR!
java.util.concurrent.ExecutionException: java.lang.NullPointerException: Cannot invoke "crux.ir.Function.getStart()" because "f" is null
	at crux.CompilerStageTests.lambda$emulateIR$7(CompilerStageTests.java:222)
Caused by: java.lang.NullPointerException: Cannot invoke "crux.ir.Function.getStart()" because "f" is null

crux.CompilerStageTests.emulateIR  Time elapsed: 0.052 s  <<< ERROR!
java.util.concurrent.ExecutionException: java.lang.NullPointerException: Cannot invoke "crux.ir.Function.getStart()" because "f" is null
	at crux.CompilerStageTests.lambda$emulateIR$7(CompilerStageTests.java:222)
Caused by: java.lang.NullPointerException: Cannot invoke "crux.ir.Function.getStart()" because "f" is null

crux.CompilerStageTests.emulateIR  Time elapsed: 0.018 s  <<< ERROR!
java.util.concurrent.ExecutionException: java.lang.NullPointerException: Cannot invoke "crux.ir.Function.getStart()" because "f" is null
	at crux.CompilerStageTests.lambda$emulateIR$7(CompilerStageTests.java:222)
Caused by: java.lang.NullPointerException: Cannot invoke "crux.ir.Function.getStart()" because "f" is null

crux.CompilerStageTests.emulateIR  Time elapsed: 0.017 s  <<< ERROR!
java.util.concurrent.ExecutionException: java.lang.NullPointerException: Cannot invoke "crux.ir.Function.getStart()" because "f" is null
	at crux.CompilerStageTests.lambda$emulateIR$7(CompilerStageTests.java:222)
Caused by: java.lang.NullPointerException: Cannot invoke "crux.ir.Function.getStart()" because "f" is null

crux.CompilerStageTests.emulateIR  Time elapsed: 0.014 s  <<< ERROR!
java.util.concurrent.ExecutionException: java.lang.NullPointerException: Cannot invoke "crux.ir.Function.getStart()" because "f" is null
	at crux.CompilerStageTests.lambda$emulateIR$7(CompilerStageTests.java:222)
Caused by: java.lang.NullPointerException: Cannot invoke "crux.ir.Function.getStart()" because "f" is null

crux.CompilerStageTests.emulateIR  Time elapsed: 0.015 s  <<< ERROR!
java.util.concurrent.ExecutionException: java.lang.NullPointerException: Cannot invoke "crux.ir.Function.getStart()" because "f" is null
	at crux.CompilerStageTests.lambda$emulateIR$7(CompilerStageTests.java:222)
Caused by: java.lang.NullPointerException: Cannot invoke "crux.ir.Function.getStart()" because "f" is null

crux.CompilerStageTests.emulateIR  Time elapsed: 0.017 s  <<< ERROR!
java.util.concurrent.ExecutionException: java.lang.NullPointerException: Cannot invoke "crux.ir.Function.getStart()" because "f" is null
	at crux.CompilerStageTests.lambda$emulateIR$7(CompilerStageTests.java:222)
Caused by: java.lang.NullPointerException: Cannot invoke "crux.ir.Function.getStart()" because "f" is null

crux.CompilerStageTests.emulateIR  Time elapsed: 0.015 s  <<< ERROR!
java.util.concurrent.ExecutionException: java.lang.NullPointerException: Cannot invoke "crux.ir.Function.getStart()" because "f" is null
	at crux.CompilerStageTests.lambda$emulateIR$7(CompilerStageTests.java:222)
Caused by: java.lang.NullPointerException: Cannot invoke "crux.ir.Function.getStart()" because "f" is null

crux.CompilerStageTests.emulateIR  Time elapsed: 0.013 s  <<< ERROR!
java.util.concurrent.ExecutionException: java.lang.NullPointerException: Cannot invoke "crux.ir.Function.getStart()" because "f" is null
	at crux.CompilerStageTests.lambda$emulateIR$7(CompilerStageTests.java:222)
Caused by: java.lang.NullPointerException: Cannot invoke "crux.ir.Function.getStart()" because "f" is null

crux.CompilerStageTests.emulateIR  Time elapsed: 0.013 s  <<< ERROR!
java.util.concurrent.ExecutionException: java.lang.NullPointerException: Cannot invoke "crux.ir.Function.getStart()" because "f" is null
	at crux.CompilerStageTests.lambda$emulateIR$7(CompilerStageTests.java:222)
Caused by: java.lang.NullPointerException: Cannot invoke "crux.ir.Function.getStart()" because "f" is null

crux.CompilerStageTests.emulateIR  Time elapsed: 0.013 s  <<< ERROR!
java.util.concurrent.ExecutionException: java.lang.NullPointerException: Cannot invoke "crux.ir.Function.getStart()" because "f" is null
	at crux.CompilerStageTests.lambda$emulateIR$7(CompilerStageTests.java:222)
Caused by: java.lang.NullPointerException: Cannot invoke "crux.ir.Function.getStart()" because "f" is null

crux.CompilerStageTests.emulateIR  Time elapsed: 0.015 s  <<< ERROR!
java.util.concurrent.ExecutionException: java.lang.NullPointerException: Cannot invoke "crux.ir.Function.getStart()" because "f" is null
	at crux.CompilerStageTests.lambda$emulateIR$7(CompilerStageTests.java:222)
Caused by: java.lang.NullPointerException: Cannot invoke "crux.ir.Function.getStart()" because "f" is null

crux.CompilerStageTests.emulateIR  Time elapsed: 0.015 s  <<< ERROR!
java.util.concurrent.ExecutionException: java.lang.NullPointerException: Cannot invoke "crux.ir.Function.getStart()" because "f" is null
	at crux.CompilerStageTests.lambda$emulateIR$7(CompilerStageTests.java:222)
Caused by: java.lang.NullPointerException: Cannot invoke "crux.ir.Function.getStart()" because "f" is null

crux.CompilerStageTests.emulateIR  Time elapsed: 0.013 s  <<< ERROR!
java.util.concurrent.ExecutionException: java.lang.NullPointerException: Cannot invoke "crux.ir.Function.getStart()" because "f" is null
	at crux.CompilerStageTests.lambda$emulateIR$7(CompilerStageTests.java:222)
Caused by: java.lang.NullPointerException: Cannot invoke "crux.ir.Function.getStart()" because "f" is null

crux.CompilerStageTests.emulateIR  Time elapsed: 0.012 s  <<< ERROR!
java.util.concurrent.ExecutionException: java.lang.NullPointerException: Cannot invoke "crux.ir.Function.getStart()" because "f" is null
	at crux.CompilerStageTests.lambda$emulateIR$7(CompilerStageTests.java:222)
Caused by: java.lang.NullPointerException: Cannot invoke "crux.ir.Function.getStart()" because "f" is null

crux.CompilerStageTests.emulateIR  Time elapsed: 0.019 s  <<< ERROR!
java.util.concurrent.ExecutionException: java.lang.NullPointerException: Cannot invoke "crux.ir.Function.getStart()" because "f" is null
	at crux.CompilerStageTests.lambda$emulateIR$7(CompilerStageTests.java:222)
Caused by: java.lang.NullPointerException: Cannot invoke "crux.ir.Function.getStart()" because "f" is null

crux.CompilerStageTests.emulateIR  Time elapsed: 0.016 s  <<< ERROR!
java.util.concurrent.ExecutionException: java.lang.NullPointerException: Cannot invoke "crux.ir.Function.getStart()" because "f" is null
	at crux.CompilerStageTests.lambda$emulateIR$7(CompilerStageTests.java:222)
Caused by: java.lang.NullPointerException: Cannot invoke "crux.ir.Function.getStart()" because "f" is null

crux.CompilerStageTests.emulateIR  Time elapsed: 0.047 s  <<< ERROR!
java.util.concurrent.ExecutionException: java.lang.NullPointerException: Cannot invoke "crux.ir.Function.getStart()" because "f" is null
	at crux.CompilerStageTests.lambda$emulateIR$7(CompilerStageTests.java:222)
Caused by: java.lang.NullPointerException: Cannot invoke "crux.ir.Function.getStart()" because "f" is null

crux.CompilerStageTests.emulateIR  Time elapsed: 0.013 s  <<< ERROR!
java.util.concurrent.ExecutionException: java.lang.NullPointerException: Cannot invoke "crux.ir.Function.getStart()" because "f" is null
	at crux.CompilerStageTests.lambda$emulateIR$7(CompilerStageTests.java:222)
Caused by: java.lang.NullPointerException: Cannot invoke "crux.ir.Function.getStart()" because "f" is null

crux.CompilerStageTests.emulateIR  Time elapsed: 0.016 s  <<< ERROR!
java.util.concurrent.ExecutionException: java.lang.NullPointerException: Cannot invoke "crux.ir.Function.getStart()" because "f" is null
	at crux.CompilerStageTests.lambda$emulateIR$7(CompilerStageTests.java:222)
Caused by: java.lang.NullPointerException: Cannot invoke "crux.ir.Function.getStart()" because "f" is null

crux.CompilerStageTests.emulateIR  Time elapsed: 0.015 s  <<< ERROR!
java.util.concurrent.ExecutionException: java.lang.NullPointerException: Cannot invoke "crux.ir.Function.getStart()" because "f" is null
	at crux.CompilerStageTests.lambda$emulateIR$7(CompilerStageTests.java:222)
Caused by: java.lang.NullPointerException: Cannot invoke "crux.ir.Function.getStart()" because "f" is null

crux.CompilerStageTests.emulateIR  Time elapsed: 0.015 s  <<< ERROR!
java.util.concurrent.ExecutionException: java.lang.NullPointerException: Cannot invoke "crux.ir.Function.getStart()" because "f" is null
	at crux.CompilerStageTests.lambda$emulateIR$7(CompilerStageTests.java:222)
Caused by: java.lang.NullPointerException: Cannot invoke "crux.ir.Function.getStart()" because "f" is null

crux.CompilerStageTests.emulateIR  Time elapsed: 0.013 s  <<< ERROR!
java.util.concurrent.ExecutionException: java.lang.NullPointerException: Cannot invoke "crux.ir.Function.getStart()" because "f" is null
	at crux.CompilerStageTests.lambda$emulateIR$7(CompilerStageTests.java:222)
Caused by: java.lang.NullPointerException: Cannot invoke "crux.ir.Function.getStart()" because "f" is null

crux.CompilerStageTests.emulateIR  Time elapsed: 0.018 s  <<< ERROR!
java.util.concurrent.ExecutionException: java.lang.NullPointerException: Cannot invoke "crux.ir.Function.getStart()" because "f" is null
	at crux.CompilerStageTests.lambda$emulateIR$7(CompilerStageTests.java:222)
Caused by: java.lang.NullPointerException: Cannot invoke "crux.ir.Function.getStart()" because "f" is null

crux.CompilerStageTests.emulateIR  Time elapsed: 0.018 s  <<< ERROR!
java.util.concurrent.ExecutionException: java.lang.NullPointerException: Cannot invoke "crux.ir.Function.getStart()" because "f" is null
	at crux.CompilerStageTests.lambda$emulateIR$7(CompilerStageTests.java:222)
Caused by: java.lang.NullPointerException: Cannot invoke "crux.ir.Function.getStart()" because "f" is null

crux.CompilerStageTests.emulateIR  Time elapsed: 0.053 s  <<< ERROR!
java.util.concurrent.ExecutionException: java.lang.NullPointerException: Cannot invoke "crux.ir.Function.getStart()" because "f" is null
	at crux.CompilerStageTests.lambda$emulateIR$7(CompilerStageTests.java:222)
Caused by: java.lang.NullPointerException: Cannot invoke "crux.ir.Function.getStart()" because "f" is null

crux.CompilerStageTests.emulateIR  Time elapsed: 0.013 s  <<< ERROR!
java.util.concurrent.ExecutionException: java.lang.NullPointerException: Cannot invoke "crux.ir.Function.getStart()" because "f" is null
	at crux.CompilerStageTests.lambda$emulateIR$7(CompilerStageTests.java:222)
Caused by: java.lang.NullPointerException: Cannot invoke "crux.ir.Function.getStart()" because "f" is null

crux.CompilerStageTests.emulateIR  Time elapsed: 0.015 s  <<< ERROR!
java.util.concurrent.ExecutionException: java.lang.NullPointerException: Cannot invoke "crux.ir.Function.getStart()" because "f" is null
	at crux.CompilerStageTests.lambda$emulateIR$7(CompilerStageTests.java:222)
Caused by: java.lang.NullPointerException: Cannot invoke "crux.ir.Function.getStart()" because "f" is null

crux.CompilerStageTests.emulateIR  Time elapsed: 0.016 s  <<< ERROR!
java.util.concurrent.ExecutionException: java.lang.NullPointerException: Cannot invoke "crux.ir.Function.getStart()" because "f" is null
	at crux.CompilerStageTests.lambda$emulateIR$7(CompilerStageTests.java:222)
Caused by: java.lang.NullPointerException: Cannot invoke "crux.ir.Function.getStart()" because "f" is null

crux.CompilerStageTests.emulateIR  Time elapsed: 0.03 s  <<< ERROR!
java.util.concurrent.ExecutionException: java.lang.NullPointerException: Cannot invoke "crux.ir.Function.getStart()" because "f" is null
	at crux.CompilerStageTests.lambda$emulateIR$7(CompilerStageTests.java:222)
Caused by: java.lang.NullPointerException: Cannot invoke "crux.ir.Function.getStart()" because "f" is null

