<?xml version="1.0" encoding="UTF-8"?>
<testsuite xmlns:xsi="http://www.w3.org/2001/XMLSchema-instance" xsi:noNamespaceSchemaLocation="https://maven.apache.org/surefire/maven-surefire-plugin/xsd/surefire-test-report-3.0.xsd" version="3.0" name="crux.CompilerStageTests" time="24.712" tests="50" errors="20" skipped="0" failures="25">
  <properties>
[...]
</properties>
  <testcase name="codegen" classname="crux.CompilerStageTests" time="1.65"/>
  <testcase name="codegen" classname="crux.CompilerStageTests" time="1.027">
    <failure type="org.opentest4j.AssertionFailedError"><![CDATA[org.opentest4j.AssertionFailedError: CodeGen for program crux/stages/codegen/test02.crx differs from expected output. ==> expected: <42> but was: <1>
	at crux.CompilerStageTests.lambda$codegen$9(CompilerStageTests.java:297)
]]></failure>
  </testcase>
  <testcase name="codegen" classname="crux.CompilerStageTests" time="0.956">
    <failure type="org.opentest4j.AssertionFailedError"><![CDATA[org.opentest4j.AssertionFailedError: CodeGen for program crux/stages/codegen/test03.crx differs from expected output. ==> expected: <truefalse> but was: <truetrue>
	at crux.CompilerStageTests.lambda$codegen$9(CompilerStageTests.java:297)
]]></failure>
  </testcase>
  <testcase name="codegen" classname="crux.CompilerStageTests" time="0.951">
    <failure type="org.opentest4j.AssertionFailedError"><![CDATA[org.opentest4j.AssertionFailedError: CodeGen for program crux/stages/codegen/test04.crx differs from expected output. ==> expected: <2> but was: <1>
	at crux.CompilerStageTests.lambda$codegen$9(CompilerStageTests.java:297)
]]></failure>
  </testcase>
  <testcase name="codegen" classname="crux.CompilerStageTests" time="0.898"/>
  <testcase name="codegen" classname="crux.CompilerStageTests" time="0.941">
    <failure type="org.opentest4j.AssertionFailedError"><![CDATA[org.opentest4j.AssertionFailedError: CodeGen for program crux/stages/codegen/test06.crx differs from expected output. ==> expected: <10> but was: <1>
	at crux.CompilerStageTests.lambda$codegen$9(CompilerStageTests.java:297)
]]></failure>
  </testcase>
  <testcase name="codegen" classname="crux.CompilerStageTests" time="0.009">
    <error type="java.util.concurrent.ExecutionException"><![CDATA[java.util.concurrent.ExecutionException: java.lang.ClassCastException: class crux.ir.LocalVar cannot be cast to class crux.ir.IntegerConstant (crux.ir.LocalVar and crux.ir.IntegerConstant are in unnamed module of loader 'app')
	at crux.CompilerStageTests.lambda$codegen$9(CompilerStageTests.java:290)
Caused by: java.lang.ClassCastException: class crux.ir.LocalVar cannot be cast to class crux.ir.IntegerConstant (crux.ir.LocalVar and crux.ir.IntegerConstant are in unnamed module of loader 'app')
]]></error>
  </testcase>
  <testcase name="codegen" classname="crux.CompilerStageTests" time="1.109">
    <failure type="org.opentest4j.AssertionFailedError"><![CDATA[org.opentest4j.AssertionFailedError: CodeGen for program crux/stages/codegen/test08.crx differs from expected output. ==> expected: <5> but was: <1>
	at crux.CompilerStageTests.lambda$codegen$9(CompilerStageTests.java:297)
]]></failure>
  </testcase>
  <testcase name="codegen" classname="crux.CompilerStageTests" time="1.002">
    <failure type="org.opentest4j.AssertionFailedError"><![CDATA[org.opentest4j.AssertionFailedError: CodeGen for program crux/stages/codegen/test09.crx differs from expected output. ==> expected: <41> but was: <1>
	at crux.CompilerStageTests.lambda$codegen$9(CompilerStageTests.java:297)
]]></failure>
  </testcase>
  <testcase name="codegen" classname="crux.CompilerStageTests" time="0.82">
    <failure type="org.opentest4j.AssertionFailedError"><![CDATA[org.opentest4j.AssertionFailedError: CodeGen for program crux/stages/codegen/test10.crx differs from expected output. ==> expected: <42> but was: <1>
	at crux.CompilerStageTests.lambda$codegen$9(CompilerStageTests.java:297)
]]></failure>
  </testcase>
  <testcase name="codegen" classname="crux.CompilerStageTests" time="0.826">
    <failure type="org.opentest4j.AssertionFailedError"><![CDATA[org.opentest4j.AssertionFailedError: 
CodeGen for program crux/stages/codegen/test11.crx differs from expected output. ==> expected: <7true
int?> but was: <1true
int?>
	at crux.CompilerStageTests.lambda$codegen$9(CompilerStageTests.java:297)
]]></failure>
  </testcase>
  <testcase name="codegen" classname="crux.CompilerStageTests" time="0.819">
    <failure type="org.opentest4j.AssertionFailedError"><![CDATA[org.opentest4j.AssertionFailedError: CodeGen for program crux/stages/codegen/test12.crx differs from expected output. ==> expected: <1-1> but was: <1>
	at crux.CompilerStageTests.lambda$codegen$9(CompilerStageTests.java:297)
]]></failure>
  </testcase>
  <testcase name="codegen" classname="crux.CompilerStageTests" time="0.941">
    <failure type="org.opentest4j.AssertionFailedError"><![CDATA[org.opentest4j.AssertionFailedError: CodeGen for program crux/stages/codegen/test13.crx differs from expected output. ==> expected: <int?7> but was: <int?2911623249920>
	at crux.CompilerStageTests.lambda$codegen$9(CompilerStageTests.java:297)
]]></failure>
  </testcase>
  <testcase name="codegen" classname="crux.CompilerStageTests" time="0.906">
    <failure type="org.opentest4j.AssertionFailedError"><![CDATA[org.opentest4j.AssertionFailedError: CodeGen for program crux/stages/codegen/test14.crx differs from expected output. ==> expected: <int?7> but was: <int?1946664828928>
	at crux.CompilerStageTests.lambda$codegen$9(CompilerStageTests.java:297)
]]></failure>
  </testcase>
  <testcase name="codegen" classname="crux.CompilerStageTests" time="0.761">
    <failure type="org.opentest4j.AssertionFailedError"><![CDATA[org.opentest4j.AssertionFailedError: CodeGen for program crux/stages/codegen/test15.crx differs from expected output. ==> expected: <-1> but was: <1>
	at crux.CompilerStageTests.lambda$codegen$9(CompilerStageTests.java:297)
]]></failure>
  </testcase>
  <testcase name="codegen" classname="crux.CompilerStageTests" time="0.007">
    <error type="java.util.concurrent.ExecutionException"><![CDATA[java.util.concurrent.ExecutionException: java.lang.ClassCastException: class crux.ir.LocalVar cannot be cast to class crux.ir.IntegerConstant (crux.ir.LocalVar and crux.ir.IntegerConstant are in unnamed module of loader 'app')
	at crux.CompilerStageTests.lambda$codegen$9(CompilerStageTests.java:290)
Caused by: java.lang.ClassCastException: class crux.ir.LocalVar cannot be cast to class crux.ir.IntegerConstant (crux.ir.LocalVar and crux.ir.IntegerConstant are in unnamed module of loader 'app')
]]></error>
  </testcase>
  <testcase name="codegen" classname="crux.CompilerStageTests" time="0.019">
    <error type="java.util.concurrent.ExecutionException"><![CDATA[java.util.concurrent.ExecutionException: java.lang.NullPointerException: Cannot invoke "java.lang.Integer.intValue()" because the return value of "java.util.HashMap.get(Object)" is null
	at crux.CompilerStageTests.lambda$codegen$9(CompilerStageTests.java:290)
Caused by: java.lang.NullPointerException: Cannot invoke "java.lang.Integer.intValue()" because the return value of "java.util.HashMap.get(Object)" is null
]]></error>
  </testcase>
  <testcase name="codegen" classname="crux.CompilerStageTests" time="0.01">
    <error type="java.util.concurrent.ExecutionException"><![CDATA[java.util.concurrent.ExecutionException: java.lang.ClassCastException: class crux.ir.LocalVar cannot be cast to class crux.ir.IntegerConstant (crux.ir.LocalVar and crux.ir.IntegerConstant are in unnamed module of loader 'app')
	at crux.CompilerStageTests.lambda$codegen$9(CompilerStageTests.java:290)
Caused by: java.lang.ClassCastException: class crux.ir.LocalVar cannot be cast to class crux.ir.IntegerConstant (crux.ir.LocalVar and crux.ir.IntegerConstant are in unnamed module of loader 'app')
]]></error>
  </testcase>
  <testcase name="codegen" classname="crux.CompilerStageTests" time="0.722">
    <failure type="org.opentest4j.AssertionFailedError"><![CDATA[org.opentest4j.AssertionFailedError: 
CodeGen for program crux/stages/codegen/test19.crx differs from expected output. ==> expected: <0
1
2
3
4
5> but was: <1>
	at crux.CompilerStageTests.lambda$codegen$9(CompilerStageTests.java:297)
]]></failure>
  </testcase>
  <testcase name="codegen" classname="crux.CompilerStageTests" time="0.008">
    <error type="java.util.concurrent.ExecutionException"><![CDATA[java.util.concurrent.ExecutionException: java.lang.ClassCastException: class crux.ir.LocalVar cannot be cast to class crux.ir.IntegerConstant (crux.ir.LocalVar and crux.ir.IntegerConstant are in unnamed module of loader 'app')
	at crux.CompilerStageTests.lambda$codegen$9(CompilerStageTests.java:290)
Caused by: java.lang.ClassCastException: class crux.ir.LocalVar cannot be cast to class crux.ir.IntegerConstant (crux.ir.LocalVar and crux.ir.IntegerConstant are in unnamed module of loader 'app')
]]></error>
  </testcase>
  <testcase name="codegen" classname="crux.CompilerStageTests" time="0.699">
    <failure type="org.opentest4j.AssertionFailedError"><![CDATA[org.opentest4j.AssertionFailedError: CodeGen for program crux/stages/codegen/test21.crx differs from expected output. ==> expected: <Hello> but was: <ÿÿÿÿ>
	at crux.CompilerStageTests.lambda$codegen$9(CompilerStageTests.java:297)
]]></failure>
  </testcase>
  <testcase name="codegen" classname="crux.CompilerStageTests" time="0.659">
    <failure type="org.opentest4j.AssertionFailedError"><![CDATA[org.opentest4j.AssertionFailedError: CodeGen for program crux/stages/codegen/test22.crx differs from expected output. ==> expected: <100> but was: <1>
	at crux.CompilerStageTests.lambda$codegen$9(CompilerStageTests.java:297)
]]></failure>
  </testcase>
  <testcase name="codegen" classname="crux.CompilerStageTests" time="0.647"/>
  <testcase name="codegen" classname="crux.CompilerStageTests" time="0.7">
    <failure type="org.opentest4j.AssertionFailedError"><![CDATA[org.opentest4j.AssertionFailedError: CodeGen for program crux/stages/codegen/test24.crx differs from expected output. ==> expected: <100> but was: <1>
	at crux.CompilerStageTests.lambda$codegen$9(CompilerStageTests.java:297)
]]></failure>
  </testcase>
  <testcase name="codegen" classname="crux.CompilerStageTests" time="0.631">
    <failure type="org.opentest4j.AssertionFailedError"><![CDATA[org.opentest4j.AssertionFailedError: CodeGen for program crux/stages/codegen/test25.crx differs from expected output. ==> expected: <0-1> but was: <14294967295>
	at crux.CompilerStageTests.lambda$codegen$9(CompilerStageTests.java:297)
]]></failure>
  </testcase>
  <testcase name="codegen" classname="crux.CompilerStageTests" time="0.007">
    <error type="java.util.concurrent.ExecutionException"><![CDATA[java.util.concurrent.ExecutionException: java.lang.NullPointerException: Cannot invoke "java.lang.Integer.intValue()" because the return value of "java.util.HashMap.get(Object)" is null
	at crux.CompilerStageTests.lambda$codegen$9(CompilerStageTests.java:290)
Caused by: java.lang.NullPointerException: Cannot invoke "java.lang.Integer.intValue()" because the return value of "java.util.HashMap.get(Object)" is null
]]></error>
  </testcase>
  <testcase name="codegen" classname="crux.CompilerStageTests" time="0.007">
    <error type="java.util.concurrent.ExecutionException"><![CDATA[java.util.concurrent.ExecutionException: java.lang.NullPointerException: Cannot invoke "java.lang.Integer.intValue()" because the return value of "java.util.HashMap.get(Object)" is null
	at crux.CompilerStageTests.lambda$codegen$9(CompilerStageTests.java:290)
Caused by: java.lang.NullPointerException: Cannot invoke "java.lang.Integer.intValue()" because the return value of "java.util.HashMap.get(Object)" is null
]]></error>
  </testcase>
  <testcase name="codegen" classname="crux.CompilerStageTests" time="0.624">
    <failure type="org.opentest4j.AssertionFailedError"><![CDATA[org.opentest4j.AssertionFailedError: CodeGen for program crux/stages/codegen/test28.crx differs from expected output. ==> expected: <789> but was: <142949672954294967295>
	at crux.CompilerStageTests.lambda$codegen$9(CompilerStageTests.java:297)
]]></failure>
  </testcase>
  <testcase name="codegen" classname="crux.CompilerStageTests" time="0.661">
    <failure type="org.opentest4j.AssertionFailedError"><![CDATA[org.opentest4j.AssertionFailedError: 
CodeGen for program crux/stages/codegen/test29.crx differs from expected output. ==> expected: <true
false
false> but was: <true
true
true>
	at crux.CompilerStageTests.lambda$codegen$9(CompilerStageTests.java:297)
]]></failure>
  </testcase>
  <testcase name="codegen" classname="crux.CompilerStageTests" time="0.6">
    <failure type="org.opentest4j.AssertionFailedError"><![CDATA[org.opentest4j.AssertionFailedError: CodeGen for program crux/stages/codegen/test30.crx differs from expected output. ==> expected: <02223334440> but was: <14294967295429496729542949672954294967295>
	at crux.CompilerStageTests.lambda$codegen$9(CompilerStageTests.java:297)
]]></failure>
  </testcase>
  <testcase name="codegen" classname="crux.CompilerStageTests" time="0.007">
    <error type="java.util.concurrent.ExecutionException"><![CDATA[java.util.concurrent.ExecutionException: java.lang.ClassCastException: class crux.ir.LocalVar cannot be cast to class crux.ir.IntegerConstant (crux.ir.LocalVar and crux.ir.IntegerConstant are in unnamed module of loader 'app')
	at crux.CompilerStageTests.lambda$codegen$9(CompilerStageTests.java:290)
Caused by: java.lang.ClassCastException: class crux.ir.LocalVar cannot be cast to class crux.ir.IntegerConstant (crux.ir.LocalVar and crux.ir.IntegerConstant are in unnamed module of loader 'app')
]]></error>
  </testcase>
  <testcase name="codegen" classname="crux.CompilerStageTests" time="0.006">
    <error type="java.util.concurrent.ExecutionException"><![CDATA[java.util.concurrent.ExecutionException: java.lang.ClassCastException: class crux.ir.LocalVar cannot be cast to class crux.ir.BooleanConstant (crux.ir.LocalVar and crux.ir.BooleanConstant are in unnamed module of loader 'app')
	at crux.CompilerStageTests.lambda$codegen$9(CompilerStageTests.java:290)
Caused by: java.lang.ClassCastException: class crux.ir.LocalVar cannot be cast to class crux.ir.BooleanConstant (crux.ir.LocalVar and crux.ir.BooleanConstant are in unnamed module of loader 'app')
]]></error>
  </testcase>
  <testcase name="codegen" classname="crux.CompilerStageTests" time="0.678">
    <failure type="org.opentest4j.AssertionFailedError"><![CDATA[org.opentest4j.AssertionFailedError: 
CodeGen for program crux/stages/codegen/test33.crx differs from expected output. ==> expected: <1
1
true
0
false
1
0
false
0
false> but was: <1
true
4294967295
true
4294967295
true
4294967295
true>
	at crux.CompilerStageTests.lambda$codegen$9(CompilerStageTests.java:297)
]]></failure>
  </testcase>
  <testcase name="codegen" classname="crux.CompilerStageTests" time="0.716">
    <failure type="org.opentest4j.AssertionFailedError"><![CDATA[org.opentest4j.AssertionFailedError: 
CodeGen for program crux/stages/codegen/test34.crx differs from expected output. ==> expected: <22
38
1
5
7
0
3
56
5
11
4> but was: <1
4294967295
4294967295
4294967295
4294967295
4294967295
4294967295
4294967295
4294967295
4294967295
4294967295>
	at crux.CompilerStageTests.lambda$codegen$9(CompilerStageTests.java:297)
]]></failure>
  </testcase>
  <testcase name="codegen" classname="crux.CompilerStageTests" time="0.632">
    <failure type="org.opentest4j.AssertionFailedError"><![CDATA[org.opentest4j.AssertionFailedError: 
CodeGen for program crux/stages/codegen/test35.crx differs from expected output. ==> expected: <0
1
12
123> but was: <1
4294967295
42949672954294967295
429496729542949672954294967295>
	at crux.CompilerStageTests.lambda$codegen$9(CompilerStageTests.java:297)
]]></failure>
  </testcase>
  <testcase name="codegen" classname="crux.CompilerStageTests" time="0.008">
    <error type="java.util.concurrent.ExecutionException"><![CDATA[java.util.concurrent.ExecutionException: java.lang.ClassCastException: class crux.ir.LocalVar cannot be cast to class crux.ir.IntegerConstant (crux.ir.LocalVar and crux.ir.IntegerConstant are in unnamed module of loader 'app')
	at crux.CompilerStageTests.lambda$codegen$9(CompilerStageTests.java:290)
Caused by: java.lang.ClassCastException: class crux.ir.LocalVar cannot be cast to class crux.ir.IntegerConstant (crux.ir.LocalVar and crux.ir.IntegerConstant are in unnamed module of loader 'app')
]]></error>
  </testcase>
  <testcase name="codegen" classname="crux.CompilerStageTests" time="0.605"/>
  <testcase name="codegen" classname="crux.CompilerStageTests" time="0.01">
    <error type="java.util.concurrent.ExecutionException"><![CDATA[java.util.concurrent.ExecutionException: java.lang.ClassCastException: class crux.ir.LocalVar cannot be cast to class crux.ir.BooleanConstant (crux.ir.LocalVar and crux.ir.BooleanConstant are in unnamed module of loader 'app')
	at crux.CompilerStageTests.lambda$codegen$9(CompilerStageTests.java:290)
Caused by: java.lang.ClassCastException: class crux.ir.LocalVar cannot be cast to class crux.ir.BooleanConstant (crux.ir.LocalVar and crux.ir.BooleanConstant are in unnamed module of loader 'app')
]]></error>
  </testcase>
  <testcase name="codegen" classname="crux.CompilerStageTests" time="0.007">
    <error type="java.util.concurrent.ExecutionException"><![CDATA[java.util.concurrent.ExecutionException: java.lang.NullPointerException: Cannot invoke "java.lang.Integer.intValue()" because the return value of "java.util.HashMap.get(Object)" is null
	at crux.CompilerStageTests.lambda$codegen$9(CompilerStageTests.java:290)
Caused by: java.lang.NullPointerException: Cannot invoke "java.lang.Integer.intValue()" because the return value of "java.util.HashMap.get(Object)" is null
]]></error>
  </testcase>
  <testcase name="codegen" classname="crux.CompilerStageTests" time="0.012">
    <error type="java.util.concurrent.ExecutionException"><![CDATA[java.util.concurrent.ExecutionException: java.lang.ClassCastException: class crux.ir.LocalVar cannot be cast to class crux.ir.IntegerConstant (crux.ir.LocalVar and crux.ir.IntegerConstant are in unnamed module of loader 'app')
	at crux.CompilerStageTests.lambda$codegen$9(CompilerStageTests.java:290)
Caused by: java.lang.ClassCastException: class crux.ir.LocalVar cannot be cast to class crux.ir.IntegerConstant (crux.ir.LocalVar and crux.ir.IntegerConstant are in unnamed module of loader 'app')
]]></error>
  </testcase>
  <testcase name="codegen" classname="crux.CompilerStageTests" time="0.65"/>
  <testcase name="codegen" classname="crux.CompilerStageTests" time="0.008">
    <error type="java.util.concurrent.ExecutionException"><![CDATA[java.util.concurrent.ExecutionException: java.lang.NullPointerException: Cannot invoke "java.lang.Integer.intValue()" because the return value of "java.util.HashMap.get(Object)" is null
	at crux.CompilerStageTests.lambda$codegen$9(CompilerStageTests.java:290)
Caused by: java.lang.NullPointerException: Cannot invoke "java.lang.Integer.intValue()" because the return value of "java.util.HashMap.get(Object)" is null
]]></error>
  </testcase>
  <testcase name="codegen" classname="crux.CompilerStageTests" time="0.64">
    <failure type="org.opentest4j.AssertionFailedError"><![CDATA[org.opentest4j.AssertionFailedError: CodeGen for program crux/stages/codegen/test43.crx differs from expected output. ==> expected: <36> but was: <14294967295>
	at crux.CompilerStageTests.lambda$codegen$9(CompilerStageTests.java:297)
]]></failure>
  </testcase>
  <testcase name="codegen" classname="crux.CompilerStageTests" time="0.008">
    <error type="java.util.concurrent.ExecutionException"><![CDATA[java.util.concurrent.ExecutionException: java.lang.ClassCastException: class crux.ir.LocalVar cannot be cast to class crux.ir.IntegerConstant (crux.ir.LocalVar and crux.ir.IntegerConstant are in unnamed module of loader 'app')
	at crux.CompilerStageTests.lambda$codegen$9(CompilerStageTests.java:290)
Caused by: java.lang.ClassCastException: class crux.ir.LocalVar cannot be cast to class crux.ir.IntegerConstant (crux.ir.LocalVar and crux.ir.IntegerConstant are in unnamed module of loader 'app')
]]></error>
  </testcase>
  <testcase name="codegen" classname="crux.CompilerStageTests" time="0.006">
    <error type="java.util.concurrent.ExecutionException"><![CDATA[java.util.concurrent.ExecutionException: java.lang.ArrayIndexOutOfBoundsException: Index 6 out of bounds for length 6
	at crux.CompilerStageTests.lambda$codegen$9(CompilerStageTests.java:290)
Caused by: java.lang.ArrayIndexOutOfBoundsException: Index 6 out of bounds for length 6
]]></error>
  </testcase>
  <testcase name="codegen" classname="crux.CompilerStageTests" time="0.008">
    <error type="java.util.concurrent.ExecutionException"><![CDATA[java.util.concurrent.ExecutionException: java.lang.ClassCastException: class crux.ir.LocalVar cannot be cast to class crux.ir.IntegerConstant (crux.ir.LocalVar and crux.ir.IntegerConstant are in unnamed module of loader 'app')
	at crux.CompilerStageTests.lambda$codegen$9(CompilerStageTests.java:290)
Caused by: java.lang.ClassCastException: class crux.ir.LocalVar cannot be cast to class crux.ir.IntegerConstant (crux.ir.LocalVar and crux.ir.IntegerConstant are in unnamed module of loader 'app')
]]></error>
  </testcase>
  <testcase name="codegen" classname="crux.CompilerStageTests" time="0.632">
    <failure type="org.opentest4j.AssertionFailedError"><![CDATA[org.opentest4j.AssertionFailedError: 
CodeGen for program crux/stages/codegen/test47.crx differs from expected output. ==> expected: <true
3
20
1> but was: <1>
	at crux.CompilerStageTests.lambda$codegen$9(CompilerStageTests.java:297)
]]></failure>
  </testcase>
  <testcase name="codegen" classname="crux.CompilerStageTests" time="0.006">
    <error type="java.util.concurrent.ExecutionException"><![CDATA[java.util.concurrent.ExecutionException: java.lang.ClassCastException: class crux.ir.LocalVar cannot be cast to class crux.ir.IntegerConstant (crux.ir.LocalVar and crux.ir.IntegerConstant are in unnamed module of loader 'app')
	at crux.CompilerStageTests.lambda$codegen$9(CompilerStageTests.java:290)
Caused by: java.lang.ClassCastException: class crux.ir.LocalVar cannot be cast to class crux.ir.IntegerConstant (crux.ir.LocalVar and crux.ir.IntegerConstant are in unnamed module of loader 'app')
]]></error>
  </testcase>
  <testcase name="codegen" classname="crux.CompilerStageTests" time="0.006">
    <error type="java.util.concurrent.ExecutionException"><![CDATA[java.util.concurrent.ExecutionException: java.lang.ClassCastException: class crux.ir.LocalVar cannot be cast to class crux.ir.BooleanConstant (crux.ir.LocalVar and crux.ir.BooleanConstant are in unnamed module of loader 'app')
	at crux.CompilerStageTests.lambda$codegen$9(CompilerStageTests.java:290)
Caused by: java.lang.ClassCastException: class crux.ir.LocalVar cannot be cast to class crux.ir.BooleanConstant (crux.ir.LocalVar and crux.ir.BooleanConstant are in unnamed module of loader 'app')
]]></error>
  </testcase>
  <testcase name="codegen" classname="crux.CompilerStageTests" time="0.006">
    <error type="java.util.concurrent.ExecutionException"><![CDATA[java.util.concurrent.ExecutionException: java.lang.ClassCastException: class crux.ir.LocalVar cannot be cast to class crux.ir.IntegerConstant (crux.ir.LocalVar and crux.ir.IntegerConstant are in unnamed module of loader 'app')
	at crux.CompilerStageTests.lambda$codegen$9(CompilerStageTests.java:290)
Caused by: java.lang.ClassCastException: class crux.ir.LocalVar cannot be cast to class crux.ir.IntegerConstant (crux.ir.LocalVar and crux.ir.IntegerConstant are in unnamed module of loader 'app')
]]></error>
  </testcase>
</testsuite>