<?xml version="1.0" encoding="UTF-8"?>
<testsuite xmlns:xsi="http://www.w3.org/2001/XMLSchema-instance" xsi:noNamespaceSchemaLocation="https://maven.apache.org/surefire/maven-surefire-plugin/xsd/surefire-test-report-3.0.xsd" version="3.0" name="crux.CompilerStageTests" time="1.242" tests="50" errors="0" skipped="0" failures="0">
  <properties>
[...]
</properties>
  <testcase name="emulateIR" classname="crux.CompilerStageTests" time="0.252"/>
  <testcase name="emulateIR" classname="crux.CompilerStageTests" time="0.02"/>
  <testcase name="emulateIR" classname="crux.CompilerStageTests" time="0.012"/>
  <testcase name="emulateIR" classname="crux.CompilerStageTests" time="0.022"/>
  <testcase name="emulateIR" classname="crux.CompilerStageTests" time="0.009"/>
  <testcase name="emulateIR" classname="crux.CompilerStageTests" time="0.038"/>
  <testcase name="emulateIR" classname="crux.CompilerStageTests" time="0.008"/>
  <testcase name="emulateIR" classname="crux.CompilerStageTests" time="0.009"/>
  <testcase name="emulateIR" classname="crux.CompilerStageTests" time="0.008"/>
  <testcase name="emulateIR" classname="crux.CompilerStageTests" time="0.01"/>
  <testcase name="emulateIR" classname="crux.CompilerStageTests" time="0.011"/>
  <testcase name="emulateIR" classname="crux.CompilerStageTests" time="0.016"/>
  <testcase name="emulateIR" classname="crux.CompilerStageTests" time="0.015"/>
  <testcase name="emulateIR" classname="crux.CompilerStageTests" time="0.009"/>
  <testcase name="emulateIR" classname="crux.CompilerStageTests" time="0.008"/>
  <testcase name="emulateIR" classname="crux.CompilerStageTests" time="0.007"/>
  <testcase name="emulateIR" classname="crux.CompilerStageTests" time="0.02"/>
  <testcase name="emulateIR" classname="crux.CompilerStageTests" time="0.011"/>
  <testcase name="emulateIR" classname="crux.CompilerStageTests" time="0.012"/>
  <testcase name="emulateIR" classname="crux.CompilerStageTests" time="0.011"/>
  <testcase name="emulateIR" classname="crux.CompilerStageTests" time="0.011"/>
  <testcase name="emulateIR" classname="crux.CompilerStageTests" time="0.009"/>
  <testcase name="emulateIR" classname="crux.CompilerStageTests" time="0.009"/>
  <testcase name="emulateIR" classname="crux.CompilerStageTests" time="0.01"/>
  <testcase name="emulateIR" classname="crux.CompilerStageTests" time="0.011"/>
  <testcase name="emulateIR" classname="crux.CompilerStageTests" time="0.017"/>
  <testcase name="emulateIR" classname="crux.CompilerStageTests" time="0.015"/>
  <testcase name="emulateIR" classname="crux.CompilerStageTests" time="0.008"/>
  <testcase name="emulateIR" classname="crux.CompilerStageTests" time="0.011"/>
  <testcase name="emulateIR" classname="crux.CompilerStageTests" time="0.011"/>
  <testcase name="emulateIR" classname="crux.CompilerStageTests" time="0.013"/>
  <testcase name="emulateIR" classname="crux.CompilerStageTests" time="0.01"/>
  <testcase name="emulateIR" classname="crux.CompilerStageTests" time="0.011"/>
  <testcase name="emulateIR" classname="crux.CompilerStageTests" time="0.016"/>
  <testcase name="emulateIR" classname="crux.CompilerStageTests" time="0.012"/>
  <testcase name="emulateIR" classname="crux.CompilerStageTests" time="0.009"/>
  <testcase name="emulateIR" classname="crux.CompilerStageTests" time="0.013"/>
  <testcase name="emulateIR" classname="crux.CompilerStageTests" time="0.017"/>
  <testcase name="emulateIR" classname="crux.CompilerStageTests" time="0.059"/>
  <testcase name="emulateIR" classname="crux.CompilerStageTests" time="0.031"/>
  <testcase name="emulateIR" classname="crux.CompilerStageTests" time="0.009"/>
  <testcase name="emulateIR" classname="crux.CompilerStageTests" time="0.01"/>
  <testcase name="emulateIR" classname="crux.CompilerStageTests" time="0.008"/>
  <testcase name="emulateIR" classname="crux.CompilerStageTests" time="0.011"/>
  <testcase name="emulateIR" classname="crux.CompilerStageTests" time="0.009"/>
  <testcase name="emulateIR" classname="crux.CompilerStageTests" time="0.011"/>
  <testcase name="emulateIR" classname="crux.CompilerStageTests" time="0.006"/>
  <testcase name="emulateIR" classname="crux.CompilerStageTests" time="0.01"/>
  <testcase name="emulateIR" classname="crux.CompilerStageTests" time="0.035"/>
  <testcase name="emulateIR" classname="crux.CompilerStageTests" time="0.057"/>
</testsuite>