<?xml version="1.0" encoding="UTF-8"?>
<testsuite xmlns:xsi="http://www.w3.org/2001/XMLSchema-instance" xsi:noNamespaceSchemaLocation="https://maven.apache.org/surefire/maven-surefire-plugin/xsd/surefire-test-report-3.0.xsd" version="3.0" name="crux.CompilerStageTests" time="192.816" tests="50" errors="36" skipped="0" failures="12">
  <properties>
[...]
</properties>
  <testcase name="codegen" classname="crux.CompilerStageTests" time="0.323"/>
  <testcase name="codegen" classname="crux.CompilerStageTests" time="0.243">
    <failure type="org.opentest4j.AssertionFailedError"><![CDATA[org.opentest4j.AssertionFailedError: CodeGen for program crux/stages/codegen/test02.crx differs from expected output. ==> expected: <42> but was: <1>
	at crux.CompilerStageTests.lambda$codegen$9(CompilerStageTests.java:297)
]]></failure>
  </testcase>
  <testcase name="codegen" classname="crux.CompilerStageTests" time="0.226">
    <failure type="org.opentest4j.AssertionFailedError"><![CDATA[org.opentest4j.AssertionFailedError: CodeGen for program crux/stages/codegen/test03.crx differs from expected output. ==> expected: <truefalse> but was: <truetrue>
	at crux.CompilerStageTests.lambda$codegen$9(CompilerStageTests.java:297)
]]></failure>
  </testcase>
  <testcase name="codegen" classname="crux.CompilerStageTests" time="0.224">
    <failure type="org.opentest4j.AssertionFailedError"><![CDATA[org.opentest4j.AssertionFailedError: CodeGen for program crux/stages/codegen/test04.crx differs from expected output. ==> expected: <2> but was: <1>
	at crux.CompilerStageTests.lambda$codegen$9(CompilerStageTests.java:297)
]]></failure>
  </testcase>
  <testcase name="codegen" classname="crux.CompilerStageTests" time="0.226"/>
  <testcase name="codegen" classname="crux.CompilerStageTests" time="0.166">
    <error type="java.util.concurrent.ExecutionException"><![CDATA[java.util.concurrent.ExecutionException: java.lang.Error: Assembling and linking failed
	at crux.CompilerStageTests.lambda$codegen$9(CompilerStageTests.java:290)
Caused by: java.lang.Error: Assembling and linking failed
]]></error>
  </testcase>
  <testcase name="codegen" classname="crux.CompilerStageTests" time="0.003">
    <error type="java.util.concurrent.ExecutionException"><![CDATA[java.util.concurrent.ExecutionException: java.lang.ClassCastException: class crux.ir.LocalVar cannot be cast to class crux.ir.IntegerConstant (crux.ir.LocalVar and crux.ir.IntegerConstant are in unnamed module of loader 'app')
	at crux.CompilerStageTests.lambda$codegen$9(CompilerStageTests.java:290)
Caused by: java.lang.ClassCastException: class crux.ir.LocalVar cannot be cast to class crux.ir.IntegerConstant (crux.ir.LocalVar and crux.ir.IntegerConstant are in unnamed module of loader 'app')
]]></error>
  </testcase>
  <testcase name="codegen" classname="crux.CompilerStageTests" time="0.22">
    <failure type="org.opentest4j.AssertionFailedError"><![CDATA[org.opentest4j.AssertionFailedError: CodeGen for program crux/stages/codegen/test08.crx differs from expected output. ==> expected: <5> but was: <1>
	at crux.CompilerStageTests.lambda$codegen$9(CompilerStageTests.java:297)
]]></failure>
  </testcase>
  <testcase name="codegen" classname="crux.CompilerStageTests" time="0.224">
    <failure type="org.opentest4j.AssertionFailedError"><![CDATA[org.opentest4j.AssertionFailedError: CodeGen for program crux/stages/codegen/test09.crx differs from expected output. ==> expected: <41> but was: <1>
	at crux.CompilerStageTests.lambda$codegen$9(CompilerStageTests.java:297)
]]></failure>
  </testcase>
  <testcase name="codegen" classname="crux.CompilerStageTests" time="0.159">
    <error type="java.util.concurrent.ExecutionException"><![CDATA[java.util.concurrent.ExecutionException: java.lang.Error: Assembling and linking failed
	at crux.CompilerStageTests.lambda$codegen$9(CompilerStageTests.java:290)
Caused by: java.lang.Error: Assembling and linking failed
]]></error>
  </testcase>
  <testcase name="codegen" classname="crux.CompilerStageTests" time="0.22">
    <failure type="org.opentest4j.AssertionFailedError"><![CDATA[org.opentest4j.AssertionFailedError: 
CodeGen for program crux/stages/codegen/test11.crx differs from expected output. ==> expected: <7true
int?> but was: <1true
int?>
	at crux.CompilerStageTests.lambda$codegen$9(CompilerStageTests.java:297)
]]></failure>
  </testcase>
  <testcase name="codegen" classname="crux.CompilerStageTests" time="0.224">
    <failure type="org.opentest4j.AssertionFailedError"><![CDATA[org.opentest4j.AssertionFailedError: CodeGen for program crux/stages/codegen/test12.crx differs from expected output. ==> expected: <1-1> but was: <1>
	at crux.CompilerStageTests.lambda$codegen$9(CompilerStageTests.java:297)
]]></failure>
  </testcase>
  <testcase name="codegen" classname="crux.CompilerStageTests" time="0.222">
    <failure type="org.opentest4j.AssertionFailedError"><![CDATA[org.opentest4j.AssertionFailedError: CodeGen for program crux/stages/codegen/test13.crx differs from expected output. ==> expected: <int?7> but was: <int?1996247007232>
	at crux.CompilerStageTests.lambda$codegen$9(CompilerStageTests.java:297)
]]></failure>
  </testcase>
  <testcase name="codegen" classname="crux.CompilerStageTests" time="0.003">
    <error type="java.util.concurrent.ExecutionException"><![CDATA[java.util.concurrent.ExecutionException: java.lang.NullPointerException: Cannot invoke "java.lang.Integer.intValue()" because "srcOffset" is null
	at crux.CompilerStageTests.lambda$codegen$9(CompilerStageTests.java:290)
Caused by: java.lang.NullPointerException: Cannot invoke "java.lang.Integer.intValue()" because "srcOffset" is null
]]></error>
  </testcase>
  <testcase name="codegen" classname="crux.CompilerStageTests" time="0.225">
    <failure type="org.opentest4j.AssertionFailedError"><![CDATA[org.opentest4j.AssertionFailedError: CodeGen for program crux/stages/codegen/test15.crx differs from expected output. ==> expected: <-1> but was: <1>
	at crux.CompilerStageTests.lambda$codegen$9(CompilerStageTests.java:297)
]]></failure>
  </testcase>
  <testcase name="codegen" classname="crux.CompilerStageTests" time="0.002">
    <error type="java.util.concurrent.ExecutionException"><![CDATA[java.util.concurrent.ExecutionException: java.lang.ClassCastException: class crux.ir.LocalVar cannot be cast to class crux.ir.IntegerConstant (crux.ir.LocalVar and crux.ir.IntegerConstant are in unnamed module of loader 'app')
	at crux.CompilerStageTests.lambda$codegen$9(CompilerStageTests.java:290)
Caused by: java.lang.ClassCastException: class crux.ir.LocalVar cannot be cast to class crux.ir.IntegerConstant (crux.ir.LocalVar and crux.ir.IntegerConstant are in unnamed module of loader 'app')
]]></error>
  </testcase>
  <testcase name="codegen" classname="crux.CompilerStageTests" time="20.011">
    <failure type="org.opentest4j.AssertionFailedError"><![CDATA[org.opentest4j.AssertionFailedError: Timeout for CodeGen for program crux/stages/codegen/test17.crx.
	at crux.CompilerStageTests.lambda$codegen$9(CompilerStageTests.java:295)
]]></failure>
  </testcase>
  <testcase name="codegen" classname="crux.CompilerStageTests" time="0.05">
    <error type="java.util.concurrent.ExecutionException"><![CDATA[java.util.concurrent.ExecutionException: java.lang.ClassCastException: class crux.ir.LocalVar cannot be cast to class crux.ir.IntegerConstant (crux.ir.LocalVar and crux.ir.IntegerConstant are in unnamed module of loader 'app')
	at crux.CompilerStageTests.lambda$codegen$9(CompilerStageTests.java:290)
Caused by: java.lang.ClassCastException: class crux.ir.LocalVar cannot be cast to class crux.ir.IntegerConstant (crux.ir.LocalVar and crux.ir.IntegerConstant are in unnamed module of loader 'app')
]]></error>
  </testcase>
  <testcase name="codegen" classname="crux.CompilerStageTests" time="2.966">
    <error type="java.util.concurrent.ExecutionException"><![CDATA[java.util.concurrent.ExecutionException: java.lang.Error: Assembling and linking failed
	at crux.CompilerStageTests.lambda$codegen$9(CompilerStageTests.java:290)
Caused by: java.lang.Error: Assembling and linking failed
]]></error>
  </testcase>
  <testcase name="codegen" classname="crux.CompilerStageTests" time="0.042">
    <error type="java.util.concurrent.ExecutionException"><![CDATA[java.util.concurrent.ExecutionException: java.lang.ClassCastException: class crux.ir.LocalVar cannot be cast to class crux.ir.IntegerConstant (crux.ir.LocalVar and crux.ir.IntegerConstant are in unnamed module of loader 'app')
	at crux.CompilerStageTests.lambda$codegen$9(CompilerStageTests.java:290)
Caused by: java.lang.ClassCastException: class crux.ir.LocalVar cannot be cast to class crux.ir.IntegerConstant (crux.ir.LocalVar and crux.ir.IntegerConstant are in unnamed module of loader 'app')
]]></error>
  </testcase>
  <testcase name="codegen" classname="crux.CompilerStageTests" time="3.464">
    <error type="java.util.concurrent.ExecutionException"><![CDATA[java.util.concurrent.ExecutionException: java.lang.Error: Assembling and linking failed
	at crux.CompilerStageTests.lambda$codegen$9(CompilerStageTests.java:290)
Caused by: java.lang.Error: Assembling and linking failed
]]></error>
  </testcase>
  <testcase name="codegen" classname="crux.CompilerStageTests" time="3.83">
    <error type="java.util.concurrent.ExecutionException"><![CDATA[java.util.concurrent.ExecutionException: java.lang.Error: Assembling and linking failed
	at crux.CompilerStageTests.lambda$codegen$9(CompilerStageTests.java:290)
Caused by: java.lang.Error: Assembling and linking failed
]]></error>
  </testcase>
  <testcase name="codegen" classname="crux.CompilerStageTests" time="4.334">
    <error type="java.util.concurrent.ExecutionException"><![CDATA[java.util.concurrent.ExecutionException: java.lang.Error: Assembling and linking failed
	at crux.CompilerStageTests.lambda$codegen$9(CompilerStageTests.java:290)
Caused by: java.lang.Error: Assembling and linking failed
]]></error>
  </testcase>
  <testcase name="codegen" classname="crux.CompilerStageTests" time="4.84">
    <error type="java.util.concurrent.ExecutionException"><![CDATA[java.util.concurrent.ExecutionException: java.lang.Error: Assembling and linking failed
	at crux.CompilerStageTests.lambda$codegen$9(CompilerStageTests.java:290)
Caused by: java.lang.Error: Assembling and linking failed
]]></error>
  </testcase>
  <testcase name="codegen" classname="crux.CompilerStageTests" time="5.433">
    <error type="java.util.concurrent.ExecutionException"><![CDATA[java.util.concurrent.ExecutionException: java.lang.Error: Assembling and linking failed
	at crux.CompilerStageTests.lambda$codegen$9(CompilerStageTests.java:290)
Caused by: java.lang.Error: Assembling and linking failed
]]></error>
  </testcase>
  <testcase name="codegen" classname="crux.CompilerStageTests" time="20.003">
    <failure type="org.opentest4j.AssertionFailedError"><![CDATA[org.opentest4j.AssertionFailedError: Timeout for CodeGen for program crux/stages/codegen/test26.crx.
	at crux.CompilerStageTests.lambda$codegen$9(CompilerStageTests.java:295)
]]></failure>
  </testcase>
  <testcase name="codegen" classname="crux.CompilerStageTests" time="0.051">
    <error type="java.util.concurrent.ExecutionException"><![CDATA[java.util.concurrent.ExecutionException: java.lang.NullPointerException: Cannot invoke "java.lang.Integer.intValue()" because the return value of "java.util.HashMap.get(Object)" is null
	at crux.CompilerStageTests.lambda$codegen$9(CompilerStageTests.java:290)
Caused by: java.lang.NullPointerException: Cannot invoke "java.lang.Integer.intValue()" because the return value of "java.util.HashMap.get(Object)" is null
]]></error>
  </testcase>
  <testcase name="codegen" classname="crux.CompilerStageTests" time="7.082">
    <error type="java.util.concurrent.ExecutionException"><![CDATA[java.util.concurrent.ExecutionException: java.lang.Error: Assembling and linking failed
	at crux.CompilerStageTests.lambda$codegen$9(CompilerStageTests.java:290)
Caused by: java.lang.Error: Assembling and linking failed
]]></error>
  </testcase>
  <testcase name="codegen" classname="crux.CompilerStageTests" time="7.889">
    <error type="java.util.concurrent.ExecutionException"><![CDATA[java.util.concurrent.ExecutionException: java.lang.Error: Assembling and linking failed
	at crux.CompilerStageTests.lambda$codegen$9(CompilerStageTests.java:290)
Caused by: java.lang.Error: Assembling and linking failed
]]></error>
  </testcase>
  <testcase name="codegen" classname="crux.CompilerStageTests" time="20.017">
    <failure type="org.opentest4j.AssertionFailedError"><![CDATA[org.opentest4j.AssertionFailedError: Timeout for CodeGen for program crux/stages/codegen/test30.crx.
	at crux.CompilerStageTests.lambda$codegen$9(CompilerStageTests.java:295)
]]></failure>
  </testcase>
  <testcase name="codegen" classname="crux.CompilerStageTests" time="0.098">
    <error type="java.util.concurrent.ExecutionException"><![CDATA[java.util.concurrent.ExecutionException: java.lang.ClassCastException: class crux.ir.LocalVar cannot be cast to class crux.ir.IntegerConstant (crux.ir.LocalVar and crux.ir.IntegerConstant are in unnamed module of loader 'app')
	at crux.CompilerStageTests.lambda$codegen$9(CompilerStageTests.java:290)
Caused by: java.lang.ClassCastException: class crux.ir.LocalVar cannot be cast to class crux.ir.IntegerConstant (crux.ir.LocalVar and crux.ir.IntegerConstant are in unnamed module of loader 'app')
]]></error>
  </testcase>
  <testcase name="codegen" classname="crux.CompilerStageTests" time="0.046">
    <error type="java.util.concurrent.ExecutionException"><![CDATA[java.util.concurrent.ExecutionException: java.lang.ClassCastException: class crux.ir.LocalVar cannot be cast to class crux.ir.BooleanConstant (crux.ir.LocalVar and crux.ir.BooleanConstant are in unnamed module of loader 'app')
	at crux.CompilerStageTests.lambda$codegen$9(CompilerStageTests.java:290)
Caused by: java.lang.ClassCastException: class crux.ir.LocalVar cannot be cast to class crux.ir.BooleanConstant (crux.ir.LocalVar and crux.ir.BooleanConstant are in unnamed module of loader 'app')
]]></error>
  </testcase>
  <testcase name="codegen" classname="crux.CompilerStageTests" time="9.9">
    <error type="java.util.concurrent.ExecutionException"><![CDATA[java.util.concurrent.ExecutionException: java.lang.Error: Assembling and linking failed
	at crux.CompilerStageTests.lambda$codegen$9(CompilerStageTests.java:290)
Caused by: java.lang.Error: Assembling and linking failed
]]></error>
  </testcase>
  <testcase name="codegen" classname="crux.CompilerStageTests" time="10.891">
    <error type="java.util.concurrent.ExecutionException"><![CDATA[java.util.concurrent.ExecutionException: java.lang.Error: Assembling and linking failed
	at crux.CompilerStageTests.lambda$codegen$9(CompilerStageTests.java:290)
Caused by: java.lang.Error: Assembling and linking failed
]]></error>
  </testcase>
  <testcase name="codegen" classname="crux.CompilerStageTests" time="11.537">
    <error type="java.util.concurrent.ExecutionException"><![CDATA[java.util.concurrent.ExecutionException: java.lang.Error: Assembling and linking failed
	at crux.CompilerStageTests.lambda$codegen$9(CompilerStageTests.java:290)
Caused by: java.lang.Error: Assembling and linking failed
]]></error>
  </testcase>
  <testcase name="codegen" classname="crux.CompilerStageTests" time="0.114">
    <error type="java.util.concurrent.ExecutionException"><![CDATA[java.util.concurrent.ExecutionException: java.lang.ClassCastException
	at crux.CompilerStageTests.lambda$codegen$9(CompilerStageTests.java:290)
Caused by: java.lang.ClassCastException
]]></error>
  </testcase>
  <testcase name="codegen" classname="crux.CompilerStageTests" time="12.765">
    <error type="java.util.concurrent.ExecutionException"><![CDATA[java.util.concurrent.ExecutionException: java.lang.Error: Assembling and linking failed
	at crux.CompilerStageTests.lambda$codegen$9(CompilerStageTests.java:290)
Caused by: java.lang.Error: Assembling and linking failed
]]></error>
  </testcase>
  <testcase name="codegen" classname="crux.CompilerStageTests" time="0.123">
    <error type="java.util.concurrent.ExecutionException"><![CDATA[java.util.concurrent.ExecutionException: java.lang.ClassCastException
	at crux.CompilerStageTests.lambda$codegen$9(CompilerStageTests.java:290)
Caused by: java.lang.ClassCastException
]]></error>
  </testcase>
  <testcase name="codegen" classname="crux.CompilerStageTests" time="0.042">
    <error type="java.util.concurrent.ExecutionException"><![CDATA[java.util.concurrent.ExecutionException: java.lang.NullPointerException
	at crux.CompilerStageTests.lambda$codegen$9(CompilerStageTests.java:290)
Caused by: java.lang.NullPointerException
]]></error>
  </testcase>
  <testcase name="codegen" classname="crux.CompilerStageTests" time="0.044">
    <error type="java.util.concurrent.ExecutionException"><![CDATA[java.util.concurrent.ExecutionException: java.lang.ClassCastException
	at crux.CompilerStageTests.lambda$codegen$9(CompilerStageTests.java:290)
Caused by: java.lang.ClassCastException
]]></error>
  </testcase>
  <testcase name="codegen" classname="crux.CompilerStageTests" time="13.625">
    <error type="java.util.concurrent.ExecutionException"><![CDATA[java.util.concurrent.ExecutionException: java.lang.Error: Assembling and linking failed
	at crux.CompilerStageTests.lambda$codegen$9(CompilerStageTests.java:290)
Caused by: java.lang.Error: Assembling and linking failed
]]></error>
  </testcase>
  <testcase name="codegen" classname="crux.CompilerStageTests" time="0.128">
    <error type="java.util.concurrent.ExecutionException"><![CDATA[java.util.concurrent.ExecutionException: java.lang.NullPointerException: Cannot invoke "java.lang.Integer.intValue()" because the return value of "java.util.HashMap.get(Object)" is null
	at crux.CompilerStageTests.lambda$codegen$9(CompilerStageTests.java:290)
Caused by: java.lang.NullPointerException: Cannot invoke "java.lang.Integer.intValue()" because the return value of "java.util.HashMap.get(Object)" is null
]]></error>
  </testcase>
  <testcase name="codegen" classname="crux.CompilerStageTests" time="14.219">
    <error type="java.util.concurrent.ExecutionException"><![CDATA[java.util.concurrent.ExecutionException: java.lang.Error: Assembling and linking failed
	at crux.CompilerStageTests.lambda$codegen$9(CompilerStageTests.java:290)
Caused by: java.lang.Error: Assembling and linking failed
]]></error>
  </testcase>
  <testcase name="codegen" classname="crux.CompilerStageTests" time="0.139">
    <error type="java.util.concurrent.ExecutionException"><![CDATA[java.util.concurrent.ExecutionException: java.lang.ClassCastException
	at crux.CompilerStageTests.lambda$codegen$9(CompilerStageTests.java:290)
Caused by: java.lang.ClassCastException
]]></error>
  </testcase>
  <testcase name="codegen" classname="crux.CompilerStageTests" time="0.041">
    <error type="java.util.concurrent.ExecutionException"><![CDATA[java.util.concurrent.ExecutionException: java.lang.ArrayIndexOutOfBoundsException: Index 6 out of bounds for length 6
	at crux.CompilerStageTests.lambda$codegen$9(CompilerStageTests.java:290)
Caused by: java.lang.ArrayIndexOutOfBoundsException: Index 6 out of bounds for length 6
]]></error>
  </testcase>
  <testcase name="codegen" classname="crux.CompilerStageTests" time="0.049">
    <error type="java.util.concurrent.ExecutionException"><![CDATA[java.util.concurrent.ExecutionException: java.lang.ClassCastException
	at crux.CompilerStageTests.lambda$codegen$9(CompilerStageTests.java:290)
Caused by: java.lang.ClassCastException
]]></error>
  </testcase>
  <testcase name="codegen" classname="crux.CompilerStageTests" time="15.779">
    <error type="java.util.concurrent.ExecutionException"><![CDATA[java.util.concurrent.ExecutionException: java.lang.Error: Assembling and linking failed
	at crux.CompilerStageTests.lambda$codegen$9(CompilerStageTests.java:290)
Caused by: java.lang.Error: Assembling and linking failed
]]></error>
  </testcase>
  <testcase name="codegen" classname="crux.CompilerStageTests" time="0.148">
    <error type="java.util.concurrent.ExecutionException"><![CDATA[java.util.concurrent.ExecutionException: java.lang.ClassCastException
	at crux.CompilerStageTests.lambda$codegen$9(CompilerStageTests.java:290)
Caused by: java.lang.ClassCastException
]]></error>
  </testcase>
  <testcase name="codegen" classname="crux.CompilerStageTests" time="0.051">
    <error type="java.util.concurrent.ExecutionException"><![CDATA[java.util.concurrent.ExecutionException: java.lang.ClassCastException
	at crux.CompilerStageTests.lambda$codegen$9(CompilerStageTests.java:290)
Caused by: java.lang.ClassCastException
]]></error>
  </testcase>
  <testcase name="codegen" classname="crux.CompilerStageTests" time="0.048">
    <error type="java.util.concurrent.ExecutionException"><![CDATA[java.util.concurrent.ExecutionException: java.lang.ClassCastException
	at crux.CompilerStageTests.lambda$codegen$9(CompilerStageTests.java:290)
Caused by: java.lang.ClassCastException
]]></error>
  </testcase>
</testsuite>