<?xml version="1.0" encoding="UTF-8"?>
<testsuite xmlns:xsi="http://www.w3.org/2001/XMLSchema-instance" xsi:noNamespaceSchemaLocation="https://maven.apache.org/surefire/maven-surefire-plugin/xsd/surefire-test-report-3.0.xsd" version="3.0" name="crux.CompilerStageTests" time="1.174" tests="50" errors="14" skipped="0" failures="3">
  <properties>
[...]
</properties>
  <testcase name="emulateIR" classname="crux.CompilerStageTests" time="0.309"/>
  <testcase name="emulateIR" classname="crux.CompilerStageTests" time="0.034"/>
  <testcase name="emulateIR" classname="crux.CompilerStageTests" time="0.017"/>
  <testcase name="emulateIR" classname="crux.CompilerStageTests" time="0.027"/>
  <testcase name="emulateIR" classname="crux.CompilerStageTests" time="0.011"/>
  <testcase name="emulateIR" classname="crux.CompilerStageTests" time="0.035"/>
  <testcase name="emulateIR" classname="crux.CompilerStageTests" time="0.008"/>
  <testcase name="emulateIR" classname="crux.CompilerStageTests" time="0.007"/>
  <testcase name="emulateIR" classname="crux.CompilerStageTests" time="0.009"/>
  <testcase name="emulateIR" classname="crux.CompilerStageTests" time="0.009"/>
  <testcase name="emulateIR" classname="crux.CompilerStageTests" time="0.013"/>
  <testcase name="emulateIR" classname="crux.CompilerStageTests" time="0.012"/>
  <testcase name="emulateIR" classname="crux.CompilerStageTests" time="0.026"/>
  <testcase name="emulateIR" classname="crux.CompilerStageTests" time="0.011"/>
  <testcase name="emulateIR" classname="crux.CompilerStageTests" time="0.009"/>
  <testcase name="emulateIR" classname="crux.CompilerStageTests" time="0.009"/>
  <testcase name="emulateIR" classname="crux.CompilerStageTests" time="0.015"/>
  <testcase name="emulateIR" classname="crux.CompilerStageTests" time="0.011">
    <failure type="org.opentest4j.AssertionFailedError"><![CDATA[org.opentest4j.AssertionFailedError: 
IR for program crux/stages/ir/test18.crx differs from expected output. ==> expected: <0
1
2> but was: <>
	at crux.CompilerStageTests.lambda$emulateIR$7(CompilerStageTests.java:229)
]]></failure>
  </testcase>
  <testcase name="emulateIR" classname="crux.CompilerStageTests" time="0.01"/>
  <testcase name="emulateIR" classname="crux.CompilerStageTests" time="0.008"/>
  <testcase name="emulateIR" classname="crux.CompilerStageTests" time="0.006"/>
  <testcase name="emulateIR" classname="crux.CompilerStageTests" time="0.006"/>
  <testcase name="emulateIR" classname="crux.CompilerStageTests" time="0.006"/>
  <testcase name="emulateIR" classname="crux.CompilerStageTests" time="0.006"/>
  <testcase name="emulateIR" classname="crux.CompilerStageTests" time="0.006"/>
  <testcase name="emulateIR" classname="crux.CompilerStageTests" time="0.007">
    <error type="java.util.concurrent.ExecutionException"><![CDATA[java.util.concurrent.ExecutionException: java.lang.NullPointerException: Cannot invoke "crux.ir.Instruction.setNext(int, crux.ir.Instruction)" because "currentInst" is null
	at crux.CompilerStageTests.lambda$emulateIR$7(CompilerStageTests.java:222)
Caused by: java.lang.NullPointerException: Cannot invoke "crux.ir.Instruction.setNext(int, crux.ir.Instruction)" because "currentInst" is null
]]></error>
  </testcase>
  <testcase name="emulateIR" classname="crux.CompilerStageTests" time="0.013"/>
  <testcase name="emulateIR" classname="crux.CompilerStageTests" time="0.008"/>
  <testcase name="emulateIR" classname="crux.CompilerStageTests" time="0.025"/>
  <testcase name="emulateIR" classname="crux.CompilerStageTests" time="0.008"/>
  <testcase name="emulateIR" classname="crux.CompilerStageTests" time="0.01"/>
  <testcase name="emulateIR" classname="crux.CompilerStageTests" time="0.006">
    <error type="java.util.concurrent.ExecutionException"><![CDATA[java.util.concurrent.ExecutionException: java.lang.NullPointerException
	at crux.CompilerStageTests.lambda$emulateIR$7(CompilerStageTests.java:222)
Caused by: java.lang.NullPointerException
]]></error>
  </testcase>
  <testcase name="emulateIR" classname="crux.CompilerStageTests" time="0.005">
    <error type="java.util.concurrent.ExecutionException"><![CDATA[java.util.concurrent.ExecutionException: java.lang.NullPointerException
	at crux.CompilerStageTests.lambda$emulateIR$7(CompilerStageTests.java:222)
Caused by: java.lang.NullPointerException
]]></error>
  </testcase>
  <testcase name="emulateIR" classname="crux.CompilerStageTests" time="0.007">
    <error type="java.util.concurrent.ExecutionException"><![CDATA[java.util.concurrent.ExecutionException: java.lang.NullPointerException
	at crux.CompilerStageTests.lambda$emulateIR$7(CompilerStageTests.java:222)
Caused by: java.lang.NullPointerException
]]></error>
  </testcase>
  <testcase name="emulateIR" classname="crux.CompilerStageTests" time="0.008"/>
  <testcase name="emulateIR" classname="crux.CompilerStageTests" time="0.012">
    <failure type="org.opentest4j.AssertionFailedError"><![CDATA[org.opentest4j.AssertionFailedError: IR for program crux/stages/ir/test36.crx differs from expected output. ==> expected: <Hello World> but was: <>
	at crux.CompilerStageTests.lambda$emulateIR$7(CompilerStageTests.java:229)
]]></failure>
  </testcase>
  <testcase name="emulateIR" classname="crux.CompilerStageTests" time="0.008"/>
  <testcase name="emulateIR" classname="crux.CompilerStageTests" time="0.008">
    <error type="java.util.concurrent.ExecutionException"><![CDATA[java.util.concurrent.ExecutionException: java.lang.NullPointerException
	at crux.CompilerStageTests.lambda$emulateIR$7(CompilerStageTests.java:222)
Caused by: java.lang.NullPointerException
]]></error>
  </testcase>
  <testcase name="emulateIR" classname="crux.CompilerStageTests" time="0.009">
    <error type="java.util.concurrent.ExecutionException"><![CDATA[java.util.concurrent.ExecutionException: java.lang.NullPointerException
	at crux.CompilerStageTests.lambda$emulateIR$7(CompilerStageTests.java:222)
Caused by: java.lang.NullPointerException
]]></error>
  </testcase>
  <testcase name="emulateIR" classname="crux.CompilerStageTests" time="0.008">
    <error type="java.util.concurrent.ExecutionException"><![CDATA[java.util.concurrent.ExecutionException: java.lang.NullPointerException: Cannot invoke "crux.ir.Instruction.setNext(int, crux.ir.Instruction)" because "currentInst" is null
	at crux.CompilerStageTests.lambda$emulateIR$7(CompilerStageTests.java:222)
Caused by: java.lang.NullPointerException: Cannot invoke "crux.ir.Instruction.setNext(int, crux.ir.Instruction)" because "currentInst" is null
]]></error>
  </testcase>
  <testcase name="emulateIR" classname="crux.CompilerStageTests" time="0.006">
    <error type="java.util.concurrent.ExecutionException"><![CDATA[java.util.concurrent.ExecutionException: java.lang.NullPointerException
	at crux.CompilerStageTests.lambda$emulateIR$7(CompilerStageTests.java:222)
Caused by: java.lang.NullPointerException
]]></error>
  </testcase>
  <testcase name="emulateIR" classname="crux.CompilerStageTests" time="0.017"/>
  <testcase name="emulateIR" classname="crux.CompilerStageTests" time="0.005">
    <error type="java.util.concurrent.ExecutionException"><![CDATA[java.util.concurrent.ExecutionException: java.lang.NullPointerException: Cannot invoke "crux.ir.Instruction.setNext(int, crux.ir.Instruction)" because the return value of "crux.ir.InstPair.getEnd()" is null
	at crux.CompilerStageTests.lambda$emulateIR$7(CompilerStageTests.java:222)
Caused by: java.lang.NullPointerException: Cannot invoke "crux.ir.Instruction.setNext(int, crux.ir.Instruction)" because the return value of "crux.ir.InstPair.getEnd()" is null
]]></error>
  </testcase>
  <testcase name="emulateIR" classname="crux.CompilerStageTests" time="0.007">
    <error type="java.util.concurrent.ExecutionException"><![CDATA[java.util.concurrent.ExecutionException: java.lang.NullPointerException: Cannot invoke "crux.ir.Instruction.setNext(int, crux.ir.Instruction)" because the return value of "crux.ir.InstPair.getEnd()" is null
	at crux.CompilerStageTests.lambda$emulateIR$7(CompilerStageTests.java:222)
Caused by: java.lang.NullPointerException: Cannot invoke "crux.ir.Instruction.setNext(int, crux.ir.Instruction)" because the return value of "crux.ir.InstPair.getEnd()" is null
]]></error>
  </testcase>
  <testcase name="emulateIR" classname="crux.CompilerStageTests" time="0.008"/>
  <testcase name="emulateIR" classname="crux.CompilerStageTests" time="0.008">
    <error type="java.util.concurrent.ExecutionException"><![CDATA[java.util.concurrent.ExecutionException: java.lang.NullPointerException
	at crux.CompilerStageTests.lambda$emulateIR$7(CompilerStageTests.java:222)
Caused by: java.lang.NullPointerException
]]></error>
  </testcase>
  <testcase name="emulateIR" classname="crux.CompilerStageTests" time="0.006">
    <error type="java.util.concurrent.ExecutionException"><![CDATA[java.util.concurrent.ExecutionException: java.lang.NullPointerException
	at crux.CompilerStageTests.lambda$emulateIR$7(CompilerStageTests.java:222)
Caused by: java.lang.NullPointerException
]]></error>
  </testcase>
  <testcase name="emulateIR" classname="crux.CompilerStageTests" time="0.008">
    <failure type="org.opentest4j.AssertionFailedError"><![CDATA[org.opentest4j.AssertionFailedError: 
IR for program crux/stages/ir/test48.crx differs from expected output. ==> expected: <1
1
2
3
5
8
13
21
34
55> but was: <>
	at crux.CompilerStageTests.lambda$emulateIR$7(CompilerStageTests.java:229)
]]></failure>
  </testcase>
  <testcase name="emulateIR" classname="crux.CompilerStageTests" time="0.008">
    <error type="java.util.concurrent.ExecutionException"><![CDATA[java.util.concurrent.ExecutionException: java.lang.NullPointerException: Cannot invoke "crux.ir.Instruction.setNext(int, crux.ir.Instruction)" because "start" is null
	at crux.CompilerStageTests.lambda$emulateIR$7(CompilerStageTests.java:222)
Caused by: java.lang.NullPointerException: Cannot invoke "crux.ir.Instruction.setNext(int, crux.ir.Instruction)" because "start" is null
]]></error>
  </testcase>
  <testcase name="emulateIR" classname="crux.CompilerStageTests" time="0.009">
    <error type="java.util.concurrent.ExecutionException"><![CDATA[java.util.concurrent.ExecutionException: java.lang.NullPointerException
	at crux.CompilerStageTests.lambda$emulateIR$7(CompilerStageTests.java:222)
Caused by: java.lang.NullPointerException
]]></error>
  </testcase>
</testsuite>