<?xml version="1.0" encoding="UTF-8"?>
<testsuite xmlns:xsi="http://www.w3.org/2001/XMLSchema-instance" xsi:noNamespaceSchemaLocation="https://maven.apache.org/surefire/maven-surefire-plugin/xsd/surefire-test-report-3.0.xsd" version="3.0" name="crux.CompilerStageTests" time="2.984" tests="50" errors="26" skipped="0" failures="21">
  <properties>
[...]
</properties>
  <testcase name="emulateIR" classname="crux.CompilerStageTests" time="1.599"/>
  <testcase name="emulateIR" classname="crux.CompilerStageTests" time="0.048">
    <failure type="org.opentest4j.AssertionFailedError"><![CDATA[org.opentest4j.AssertionFailedError: IR for program crux/stages/ir/test02.crx differs from expected output. ==> expected: <42> but was: <>
	at crux.CompilerStageTests.lambda$emulateIR$7(CompilerStageTests.java:229)
]]></failure>
  </testcase>
  <testcase name="emulateIR" classname="crux.CompilerStageTests" time="0.046">
    <failure type="org.opentest4j.AssertionFailedError"><![CDATA[org.opentest4j.AssertionFailedError: IR for program crux/stages/ir/test03.crx differs from expected output. ==> expected: <truefalse> but was: <>
	at crux.CompilerStageTests.lambda$emulateIR$7(CompilerStageTests.java:229)
]]></failure>
  </testcase>
  <testcase name="emulateIR" classname="crux.CompilerStageTests" time="0.095">
    <failure type="org.opentest4j.AssertionFailedError"><![CDATA[org.opentest4j.AssertionFailedError: IR for program crux/stages/ir/test04.crx differs from expected output. ==> expected: <2> but was: <>
	at crux.CompilerStageTests.lambda$emulateIR$7(CompilerStageTests.java:229)
]]></failure>
  </testcase>
  <testcase name="emulateIR" classname="crux.CompilerStageTests" time="0.051"/>
  <testcase name="emulateIR" classname="crux.CompilerStageTests" time="0.065">
    <failure type="org.opentest4j.AssertionFailedError"><![CDATA[org.opentest4j.AssertionFailedError: IR for program crux/stages/ir/test06.crx differs from expected output. ==> expected: <10> but was: <>
	at crux.CompilerStageTests.lambda$emulateIR$7(CompilerStageTests.java:229)
]]></failure>
  </testcase>
  <testcase name="emulateIR" classname="crux.CompilerStageTests" time="0.01">
    <failure type="org.opentest4j.AssertionFailedError"><![CDATA[org.opentest4j.AssertionFailedError: IR for program crux/stages/ir/test07.crx differs from expected output. ==> expected: <42> but was: <>
	at crux.CompilerStageTests.lambda$emulateIR$7(CompilerStageTests.java:229)
]]></failure>
  </testcase>
  <testcase name="emulateIR" classname="crux.CompilerStageTests" time="0.016">
    <failure type="org.opentest4j.AssertionFailedError"><![CDATA[org.opentest4j.AssertionFailedError: IR for program crux/stages/ir/test08.crx differs from expected output. ==> expected: <5> but was: <>
	at crux.CompilerStageTests.lambda$emulateIR$7(CompilerStageTests.java:229)
]]></failure>
  </testcase>
  <testcase name="emulateIR" classname="crux.CompilerStageTests" time="0.015">
    <failure type="org.opentest4j.AssertionFailedError"><![CDATA[org.opentest4j.AssertionFailedError: IR for program crux/stages/ir/test09.crx differs from expected output. ==> expected: <41> but was: <>
	at crux.CompilerStageTests.lambda$emulateIR$7(CompilerStageTests.java:229)
]]></failure>
  </testcase>
  <testcase name="emulateIR" classname="crux.CompilerStageTests" time="0.036">
    <error type="java.util.concurrent.ExecutionException"><![CDATA[java.util.concurrent.ExecutionException: java.lang.NullPointerException: Cannot invoke "java.lang.Long.longValue()" because the return value of "java.util.HashMap.get(Object)" is null
	at crux.CompilerStageTests.lambda$emulateIR$7(CompilerStageTests.java:222)
Caused by: java.lang.NullPointerException: Cannot invoke "java.lang.Long.longValue()" because the return value of "java.util.HashMap.get(Object)" is null
]]></error>
  </testcase>
  <testcase name="emulateIR" classname="crux.CompilerStageTests" time="0.026">
    <failure type="org.opentest4j.AssertionFailedError"><![CDATA[org.opentest4j.AssertionFailedError: 
IR for program crux/stages/ir/test11.crx differs from expected output. ==> expected: <7true
int?> but was: <>
	at crux.CompilerStageTests.lambda$emulateIR$7(CompilerStageTests.java:229)
]]></failure>
  </testcase>
  <testcase name="emulateIR" classname="crux.CompilerStageTests" time="0.046">
    <failure type="org.opentest4j.AssertionFailedError"><![CDATA[org.opentest4j.AssertionFailedError: IR for program crux/stages/ir/test12.crx differs from expected output. ==> expected: <1-1> but was: <>
	at crux.CompilerStageTests.lambda$emulateIR$7(CompilerStageTests.java:229)
]]></failure>
  </testcase>
  <testcase name="emulateIR" classname="crux.CompilerStageTests" time="0.037">
    <error type="java.util.concurrent.ExecutionException"><![CDATA[java.util.concurrent.ExecutionException: java.lang.NullPointerException
	at crux.CompilerStageTests.lambda$emulateIR$7(CompilerStageTests.java:222)
Caused by: java.lang.NullPointerException
]]></error>
  </testcase>
  <testcase name="emulateIR" classname="crux.CompilerStageTests" time="0.015">
    <error type="java.util.concurrent.ExecutionException"><![CDATA[java.util.concurrent.ExecutionException: java.lang.NullPointerException
	at crux.CompilerStageTests.lambda$emulateIR$7(CompilerStageTests.java:222)
Caused by: java.lang.NullPointerException
]]></error>
  </testcase>
  <testcase name="emulateIR" classname="crux.CompilerStageTests" time="0.014">
    <failure type="org.opentest4j.AssertionFailedError"><![CDATA[org.opentest4j.AssertionFailedError: IR for program crux/stages/ir/test15.crx differs from expected output. ==> expected: <-1> but was: <>
	at crux.CompilerStageTests.lambda$emulateIR$7(CompilerStageTests.java:229)
]]></failure>
  </testcase>
  <testcase name="emulateIR" classname="crux.CompilerStageTests" time="0.012">
    <failure type="org.opentest4j.AssertionFailedError"><![CDATA[org.opentest4j.AssertionFailedError: IR for program crux/stages/ir/test16.crx differs from expected output. ==> expected: <2> but was: <>
	at crux.CompilerStageTests.lambda$emulateIR$7(CompilerStageTests.java:229)
]]></failure>
  </testcase>
  <testcase name="emulateIR" classname="crux.CompilerStageTests" time="0.057"/>
  <testcase name="emulateIR" classname="crux.CompilerStageTests" time="0.022">
    <failure type="org.opentest4j.AssertionFailedError"><![CDATA[org.opentest4j.AssertionFailedError: 
IR for program crux/stages/ir/test18.crx differs from expected output. ==> expected: <0
1
2> but was: <>
	at crux.CompilerStageTests.lambda$emulateIR$7(CompilerStageTests.java:229)
]]></failure>
  </testcase>
  <testcase name="emulateIR" classname="crux.CompilerStageTests" time="0.017">
    <failure type="org.opentest4j.AssertionFailedError"><![CDATA[org.opentest4j.AssertionFailedError: 
IR for program crux/stages/ir/test19.crx differs from expected output. ==> expected: <0
1
2
3
4
5> but was: <>
	at crux.CompilerStageTests.lambda$emulateIR$7(CompilerStageTests.java:229)
]]></failure>
  </testcase>
  <testcase name="emulateIR" classname="crux.CompilerStageTests" time="0.055">
    <failure type="org.opentest4j.AssertionFailedError"><![CDATA[org.opentest4j.AssertionFailedError: IR for program crux/stages/ir/test20.crx differs from expected output. ==> expected: <-5> but was: <>
	at crux.CompilerStageTests.lambda$emulateIR$7(CompilerStageTests.java:229)
]]></failure>
  </testcase>
  <testcase name="emulateIR" classname="crux.CompilerStageTests" time="0.029">
    <failure type="org.opentest4j.AssertionFailedError"><![CDATA[org.opentest4j.AssertionFailedError: IR for program crux/stages/ir/test21.crx differs from expected output. ==> expected: <Hello> but was: <>
	at crux.CompilerStageTests.lambda$emulateIR$7(CompilerStageTests.java:229)
]]></failure>
  </testcase>
  <testcase name="emulateIR" classname="crux.CompilerStageTests" time="0.015">
    <error type="java.util.concurrent.ExecutionException"><![CDATA[java.util.concurrent.ExecutionException: java.lang.NullPointerException: Cannot invoke "java.lang.Long.longValue()" because the return value of "java.util.HashMap.get(Object)" is null
	at crux.CompilerStageTests.lambda$emulateIR$7(CompilerStageTests.java:222)
Caused by: java.lang.NullPointerException: Cannot invoke "java.lang.Long.longValue()" because the return value of "java.util.HashMap.get(Object)" is null
]]></error>
  </testcase>
  <testcase name="emulateIR" classname="crux.CompilerStageTests" time="0.014">
    <error type="java.util.concurrent.ExecutionException"><![CDATA[java.util.concurrent.ExecutionException: java.lang.NullPointerException: Cannot invoke "java.lang.Long.longValue()" because the return value of "java.util.HashMap.get(Object)" is null
	at crux.CompilerStageTests.lambda$emulateIR$7(CompilerStageTests.java:222)
Caused by: java.lang.NullPointerException: Cannot invoke "java.lang.Long.longValue()" because the return value of "java.util.HashMap.get(Object)" is null
]]></error>
  </testcase>
  <testcase name="emulateIR" classname="crux.CompilerStageTests" time="0.013">
    <error type="java.util.concurrent.ExecutionException"><![CDATA[java.util.concurrent.ExecutionException: java.lang.NullPointerException: Cannot invoke "java.lang.Long.longValue()" because the return value of "java.util.HashMap.get(Object)" is null
	at crux.CompilerStageTests.lambda$emulateIR$7(CompilerStageTests.java:222)
Caused by: java.lang.NullPointerException: Cannot invoke "java.lang.Long.longValue()" because the return value of "java.util.HashMap.get(Object)" is null
]]></error>
  </testcase>
  <testcase name="emulateIR" classname="crux.CompilerStageTests" time="0.013">
    <failure type="org.opentest4j.AssertionFailedError"><![CDATA[org.opentest4j.AssertionFailedError: IR for program crux/stages/ir/test25.crx differs from expected output. ==> expected: <0-1> but was: <>
	at crux.CompilerStageTests.lambda$emulateIR$7(CompilerStageTests.java:229)
]]></failure>
  </testcase>
  <testcase name="emulateIR" classname="crux.CompilerStageTests" time="0.011">
    <error type="java.util.concurrent.ExecutionException"><![CDATA[java.util.concurrent.ExecutionException: java.lang.NullPointerException: Cannot invoke "crux.ir.Instruction.setNext(int, crux.ir.Instruction)" because "currentInst" is null
	at crux.CompilerStageTests.lambda$emulateIR$7(CompilerStageTests.java:222)
Caused by: java.lang.NullPointerException: Cannot invoke "crux.ir.Instruction.setNext(int, crux.ir.Instruction)" because "currentInst" is null
]]></error>
  </testcase>
  <testcase name="emulateIR" classname="crux.CompilerStageTests" time="0.012">
    <error type="java.util.concurrent.ExecutionException"><![CDATA[java.util.concurrent.ExecutionException: java.lang.NullPointerException
	at crux.CompilerStageTests.lambda$emulateIR$7(CompilerStageTests.java:222)
Caused by: java.lang.NullPointerException
]]></error>
  </testcase>
  <testcase name="emulateIR" classname="crux.CompilerStageTests" time="0.014">
    <failure type="org.opentest4j.AssertionFailedError"><![CDATA[org.opentest4j.AssertionFailedError: IR for program crux/stages/ir/test28.crx differs from expected output. ==> expected: <789> but was: <>
	at crux.CompilerStageTests.lambda$emulateIR$7(CompilerStageTests.java:229)
]]></failure>
  </testcase>
  <testcase name="emulateIR" classname="crux.CompilerStageTests" time="0.015">
    <error type="java.util.concurrent.ExecutionException"><![CDATA[java.util.concurrent.ExecutionException: java.lang.NullPointerException
	at crux.CompilerStageTests.lambda$emulateIR$7(CompilerStageTests.java:222)
Caused by: java.lang.NullPointerException
]]></error>
  </testcase>
  <testcase name="emulateIR" classname="crux.CompilerStageTests" time="0.013">
    <error type="java.util.concurrent.ExecutionException"><![CDATA[java.util.concurrent.ExecutionException: java.lang.NullPointerException: Cannot invoke "java.lang.Long.longValue()" because the return value of "java.util.HashMap.get(Object)" is null
	at crux.CompilerStageTests.lambda$emulateIR$7(CompilerStageTests.java:222)
Caused by: java.lang.NullPointerException: Cannot invoke "java.lang.Long.longValue()" because the return value of "java.util.HashMap.get(Object)" is null
]]></error>
  </testcase>
  <testcase name="emulateIR" classname="crux.CompilerStageTests" time="0.024">
    <failure type="org.opentest4j.AssertionFailedError"><![CDATA[org.opentest4j.AssertionFailedError: 
IR for program crux/stages/ir/test31.crx differs from expected output. ==> expected: <5
7
5
9
5> but was: <>
	at crux.CompilerStageTests.lambda$emulateIR$7(CompilerStageTests.java:229)
]]></failure>
  </testcase>
  <testcase name="emulateIR" classname="crux.CompilerStageTests" time="0.015">
    <error type="java.util.concurrent.ExecutionException"><![CDATA[java.util.concurrent.ExecutionException: java.lang.NullPointerException
	at crux.CompilerStageTests.lambda$emulateIR$7(CompilerStageTests.java:222)
Caused by: java.lang.NullPointerException
]]></error>
  </testcase>
  <testcase name="emulateIR" classname="crux.CompilerStageTests" time="0.01">
    <error type="java.util.concurrent.ExecutionException"><![CDATA[java.util.concurrent.ExecutionException: java.lang.NullPointerException
	at crux.CompilerStageTests.lambda$emulateIR$7(CompilerStageTests.java:222)
Caused by: java.lang.NullPointerException
]]></error>
  </testcase>
  <testcase name="emulateIR" classname="crux.CompilerStageTests" time="0.013">
    <error type="java.util.concurrent.ExecutionException"><![CDATA[java.util.concurrent.ExecutionException: java.lang.NullPointerException
	at crux.CompilerStageTests.lambda$emulateIR$7(CompilerStageTests.java:222)
Caused by: java.lang.NullPointerException
]]></error>
  </testcase>
  <testcase name="emulateIR" classname="crux.CompilerStageTests" time="0.022">
    <failure type="org.opentest4j.AssertionFailedError"><![CDATA[org.opentest4j.AssertionFailedError: 
IR for program crux/stages/ir/test35.crx differs from expected output. ==> expected: <0
1
12
123> but was: <>
	at crux.CompilerStageTests.lambda$emulateIR$7(CompilerStageTests.java:229)
]]></failure>
  </testcase>
  <testcase name="emulateIR" classname="crux.CompilerStageTests" time="0.024">
    <error type="java.util.concurrent.ExecutionException"><![CDATA[java.util.concurrent.ExecutionException: java.lang.NullPointerException
	at crux.CompilerStageTests.lambda$emulateIR$7(CompilerStageTests.java:222)
Caused by: java.lang.NullPointerException
]]></error>
  </testcase>
  <testcase name="emulateIR" classname="crux.CompilerStageTests" time="0.01">
    <error type="java.util.concurrent.ExecutionException"><![CDATA[java.util.concurrent.ExecutionException: java.lang.NullPointerException: Cannot invoke "java.lang.Long.longValue()" because the return value of "java.util.HashMap.get(Object)" is null
	at crux.CompilerStageTests.lambda$emulateIR$7(CompilerStageTests.java:222)
Caused by: java.lang.NullPointerException: Cannot invoke "java.lang.Long.longValue()" because the return value of "java.util.HashMap.get(Object)" is null
]]></error>
  </testcase>
  <testcase name="emulateIR" classname="crux.CompilerStageTests" time="0.011">
    <error type="java.util.concurrent.ExecutionException"><![CDATA[java.util.concurrent.ExecutionException: java.lang.NullPointerException
	at crux.CompilerStageTests.lambda$emulateIR$7(CompilerStageTests.java:222)
Caused by: java.lang.NullPointerException
]]></error>
  </testcase>
  <testcase name="emulateIR" classname="crux.CompilerStageTests" time="0.015">
    <error type="java.util.concurrent.ExecutionException"><![CDATA[java.util.concurrent.ExecutionException: java.lang.NullPointerException
	at crux.CompilerStageTests.lambda$emulateIR$7(CompilerStageTests.java:222)
Caused by: java.lang.NullPointerException
]]></error>
  </testcase>
  <testcase name="emulateIR" classname="crux.CompilerStageTests" time="0.012">
    <error type="java.util.concurrent.ExecutionException"><![CDATA[java.util.concurrent.ExecutionException: java.lang.NullPointerException: Cannot invoke "crux.ir.Instruction.setNext(int, crux.ir.Instruction)" because "currentInst" is null
	at crux.CompilerStageTests.lambda$emulateIR$7(CompilerStageTests.java:222)
Caused by: java.lang.NullPointerException: Cannot invoke "crux.ir.Instruction.setNext(int, crux.ir.Instruction)" because "currentInst" is null
]]></error>
  </testcase>
  <testcase name="emulateIR" classname="crux.CompilerStageTests" time="0.016">
    <error type="java.util.concurrent.ExecutionException"><![CDATA[java.util.concurrent.ExecutionException: java.lang.NullPointerException
	at crux.CompilerStageTests.lambda$emulateIR$7(CompilerStageTests.java:222)
Caused by: java.lang.NullPointerException
]]></error>
  </testcase>
  <testcase name="emulateIR" classname="crux.CompilerStageTests" time="0.011">
    <error type="java.util.concurrent.ExecutionException"><![CDATA[java.util.concurrent.ExecutionException: java.lang.NullPointerException
	at crux.CompilerStageTests.lambda$emulateIR$7(CompilerStageTests.java:222)
Caused by: java.lang.NullPointerException
]]></error>
  </testcase>
  <testcase name="emulateIR" classname="crux.CompilerStageTests" time="0.015">
    <error type="java.util.concurrent.ExecutionException"><![CDATA[java.util.concurrent.ExecutionException: java.lang.NullPointerException: Cannot invoke "crux.ir.Instruction.setNext(int, crux.ir.Instruction)" because the return value of "crux.ir.InstPair.getEnd()" is null
	at crux.CompilerStageTests.lambda$emulateIR$7(CompilerStageTests.java:222)
Caused by: java.lang.NullPointerException: Cannot invoke "crux.ir.Instruction.setNext(int, crux.ir.Instruction)" because the return value of "crux.ir.InstPair.getEnd()" is null
]]></error>
  </testcase>
  <testcase name="emulateIR" classname="crux.CompilerStageTests" time="0.014">
    <error type="java.util.concurrent.ExecutionException"><![CDATA[java.util.concurrent.ExecutionException: java.lang.NullPointerException: Cannot invoke "crux.ir.Instruction.setNext(int, crux.ir.Instruction)" because the return value of "crux.ir.InstPair.getEnd()" is null
	at crux.CompilerStageTests.lambda$emulateIR$7(CompilerStageTests.java:222)
Caused by: java.lang.NullPointerException: Cannot invoke "crux.ir.Instruction.setNext(int, crux.ir.Instruction)" because the return value of "crux.ir.InstPair.getEnd()" is null
]]></error>
  </testcase>
  <testcase name="emulateIR" classname="crux.CompilerStageTests" time="0.027">
    <failure type="org.opentest4j.AssertionFailedError"><![CDATA[org.opentest4j.AssertionFailedError: 
IR for program crux/stages/ir/test45.crx differs from expected output. ==> expected: <1
2
3
4
5
6
7
8
9> but was: <>
	at crux.CompilerStageTests.lambda$emulateIR$7(CompilerStageTests.java:229)
]]></failure>
  </testcase>
  <testcase name="emulateIR" classname="crux.CompilerStageTests" time="0.015">
    <error type="java.util.concurrent.ExecutionException"><![CDATA[java.util.concurrent.ExecutionException: java.lang.NullPointerException
	at crux.CompilerStageTests.lambda$emulateIR$7(CompilerStageTests.java:222)
Caused by: java.lang.NullPointerException
]]></error>
  </testcase>
  <testcase name="emulateIR" classname="crux.CompilerStageTests" time="0.015">
    <error type="java.util.concurrent.ExecutionException"><![CDATA[java.util.concurrent.ExecutionException: java.lang.NullPointerException
	at crux.CompilerStageTests.lambda$emulateIR$7(CompilerStageTests.java:222)
Caused by: java.lang.NullPointerException
]]></error>
  </testcase>
  <testcase name="emulateIR" classname="crux.CompilerStageTests" time="0.021">
    <failure type="org.opentest4j.AssertionFailedError"><![CDATA[org.opentest4j.AssertionFailedError: 
IR for program crux/stages/ir/test48.crx differs from expected output. ==> expected: <1
1
2
3
5
8
13
21
34
55> but was: <>
	at crux.CompilerStageTests.lambda$emulateIR$7(CompilerStageTests.java:229)
]]></failure>
  </testcase>
  <testcase name="emulateIR" classname="crux.CompilerStageTests" time="0.015">
    <error type="java.util.concurrent.ExecutionException"><![CDATA[java.util.concurrent.ExecutionException: java.lang.NullPointerException: Cannot invoke "crux.ir.Instruction.setNext(int, crux.ir.Instruction)" because "start" is null
	at crux.CompilerStageTests.lambda$emulateIR$7(CompilerStageTests.java:222)
Caused by: java.lang.NullPointerException: Cannot invoke "crux.ir.Instruction.setNext(int, crux.ir.Instruction)" because "start" is null
]]></error>
  </testcase>
  <testcase name="emulateIR" classname="crux.CompilerStageTests" time="0.02">
    <error type="java.util.concurrent.ExecutionException"><![CDATA[java.util.concurrent.ExecutionException: java.lang.NullPointerException
	at crux.CompilerStageTests.lambda$emulateIR$7(CompilerStageTests.java:222)
Caused by: java.lang.NullPointerException
]]></error>
  </testcase>
</testsuite>